<?xml version="1.0" encoding="UTF-8"?>
<testsuite xmlns:xsi="http://www.w3.org/2001/XMLSchema-instance" xsi:noNamespaceSchemaLocation="https://maven.apache.org/surefire/maven-surefire-plugin/xsd/surefire-test-report-3.0.xsd" version="3.0" name="org.udea.parabank.TestRunner" time="8.043" tests="10" errors="0" skipped="0" failures="3">
  <properties>
[...]
</properties>
  <testcase name="[1:8] Retrieve all accounts for a valid customer" classname="org/udea/parabank/accounts" time="2.184">
    <system-out><![CDATA[20:47:10.662 [main] INFO  com.intuit.karate.Runner - using system property 'karate.env': prod
20:47:10.774 [main] DEBUG com.intuit.karate.Suite - [config] classpath:karate-config.js
20:47:12.095 [main] DEBUG com.intuit.karate - request:
1 > GET https://parabank.parasoft.com/parabank/services/bank/customers/12212/accounts
1 > Accept: application/json
1 > Host: parabank.parasoft.com
1 > Connection: Keep-Alive
1 > User-Agent: Apache-HttpClient/4.5.13 (Java/21.0.9)
1 > Accept-Encoding: gzip,deflate


20:47:12.887 [main] DEBUG com.intuit.karate - response time in milliseconds: 788
1 < 200
1 < Date: Fri, 14 Nov 2025 01:47:12 GMT
1 < Content-Type: application/json
1 < Transfer-Encoding: chunked
1 < Connection: keep-alive
1 < Server: cloudflare
1 < cf-cache-status: DYNAMIC
1 < X-Content-Type-Options: nosniff
1 < CF-RAY: 99e2d6eb7db7adfa-MIA
[{"id":12345,"customerId":12212,"type":"CHECKING","balance":-753635.00},{"id":12456,"customerId":12212,"type":"CHECKING","balance":-232.55},{"id":12567,"customerId":12212,"type":"CHECKING","balance":100.00},{"id":12678,"customerId":12212,"type":"SAVINGS","balance":-100.00},{"id":12789,"customerId":12212,"type":"CHECKING","balance":100.00},{"id":12900,"customerId":12212,"type":"CHECKING","balance":100.00},{"id":13011,"customerId":12212,"type":"CHECKING","balance":100.00},{"id":13122,"customerId":12212,"type":"CHECKING","balance":-4998900.00},{"id":13233,"customerId":12212,"type":"CHECKING","balance":0.00},{"id":13344,"customerId":12212,"type":"SAVINGS","balance":1131.10},{"id":14232,"customerId":12212,"type":"CHECKING","balance":190.00},{"id":54321,"customerId":12212,"type":"CHECKING","balance":1451.12}]

]]></system-out>
  </testcase>
  <testcase name="[2:17] Retrieve details of a specific account" classname="org/udea/parabank/accounts" time="1.368">
    <system-out><![CDATA[20:47:13.018 [main] DEBUG com.intuit.karate - request:
1 > GET https://parabank.parasoft.com/parabank/services/bank/accounts/13344
1 > Accept: application/json
1 > Host: parabank.parasoft.com
1 > Connection: Keep-Alive
1 > User-Agent: Apache-HttpClient/4.5.13 (Java/21.0.9)
1 > Accept-Encoding: gzip,deflate


20:47:13.437 [main] DEBUG com.intuit.karate - response time in milliseconds: 418
1 < 200
1 < Date: Fri, 14 Nov 2025 01:47:13 GMT
1 < Content-Type: application/json
1 < Transfer-Encoding: chunked
1 < Connection: keep-alive
1 < Server: cloudflare
1 < cf-cache-status: DYNAMIC
1 < X-Content-Type-Options: nosniff
1 < CF-RAY: 99e2d6ef4edb7485-MIA
{"id":13344,"customerId":12212,"type":"SAVINGS","balance":1131.10}

---------------------------------------------------------
feature: classpath:org/udea/parabank/accounts.feature
scenarios:  2 | passed:  2 | failed:  0 | time: 1,5692
---------------------------------------------------------

Karate version: 1.3.1 | env: prod
======================================================
elapsed:   3,59 | threads:    1 | thread time: 1,57 
features:     1 | skipped:    0 | efficiency: 0,44
scenarios:    2 | passed:     2 | failed: 0
======================================================

HTML report: (paste into browser to view) | Karate version: 1.3.1 | env: prod
file:///home/jonathangr/Documentos/SEMESTRE%20(9)%202025-2/PRUEBAS%20DE%20SOFTWARE/test-services/UDEA_KaratePS/target/karate-reports/karate-summary.html
===================================================================

]]></system-out>
  </testcase>
  <testcase name="[1:15] Payment failed due to insufficient funds" classname="org/udea/parabank/paymentFailed" time="0.75">
    <failure message="match failed: CONTAINS&#10;  $ | actual does not contain expected | actual array does not contain expected item - 200 (LIST:NUMBER)&#10;  [400,422]&#10;  200&#10;&#10;    $[1] | not equal (NUMBER:NUMBER)&#10;    422&#10;    200&#10;&#10;    $[0] | not equal (NUMBER:NUMBER)&#10;    400&#10;    200&#10;&#10;classpath:org/udea/parabank/paymentFailed.feature:34" type="org.opentest4j.AssertionFailedError"><![CDATA[org.opentest4j.AssertionFailedError: 
match failed: CONTAINS
  $ | actual does not contain expected | actual array does not contain expected item - 200 (LIST:NUMBER)
  [400,422]
  200

    $[1] | not equal (NUMBER:NUMBER)
    422
    200

    $[0] | not equal (NUMBER:NUMBER)
    400
    200

classpath:org/udea/parabank/paymentFailed.feature:34
	at org.junit.jupiter.api.AssertionUtils.fail(AssertionUtils.java:39)
	at org.junit.jupiter.api.Assertions.fail(Assertions.java:117)
	at com.intuit.karate.junit5.FeatureNode.lambda$next$1(FeatureNode.java:86)
	at org.junit.jupiter.engine.descriptor.DynamicTestTestDescriptor.lambda$execute$0(DynamicTestTestDescriptor.java:52)
	at org.junit.jupiter.engine.execution.InvocationInterceptorChain$ValidatingInvocation.proceed(InvocationInterceptorChain.java:131)
	at org.junit.jupiter.api.extension.InvocationInterceptor.interceptDynamicTest(InvocationInterceptor.java:161)
	at org.junit.jupiter.engine.descriptor.DynamicTestTestDescriptor.lambda$execute$1(DynamicTestTestDescriptor.java:58)
	at org.junit.jupiter.engine.execution.InvocationInterceptorChain$InterceptorCall.lambda$ofVoid$0(InvocationInterceptorChain.java:78)
	at org.junit.jupiter.engine.execution.InvocationInterceptorChain$InterceptedInvocation.proceed(InvocationInterceptorChain.java:106)
	at org.junit.jupiter.engine.execution.InvocationInterceptorChain.proceed(InvocationInterceptorChain.java:64)
	at org.junit.jupiter.engine.execution.InvocationInterceptorChain.chainAndInvoke(InvocationInterceptorChain.java:45)
	at org.junit.jupiter.engine.execution.InvocationInterceptorChain.invoke(InvocationInterceptorChain.java:37)
	at org.junit.jupiter.engine.descriptor.DynamicTestTestDescriptor.execute(DynamicTestTestDescriptor.java:57)
	at org.junit.jupiter.engine.descriptor.DynamicTestTestDescriptor.execute(DynamicTestTestDescriptor.java:31)
	at org.junit.platform.engine.support.hierarchical.NodeTestTask.lambda$executeRecursively$5(NodeTestTask.java:139)
	at org.junit.platform.engine.support.hierarchical.ThrowableCollector.execute(ThrowableCollector.java:73)
	at org.junit.platform.engine.support.hierarchical.NodeTestTask.lambda$executeRecursively$7(NodeTestTask.java:129)
	at org.junit.platform.engine.support.hierarchical.Node.around(Node.java:137)
	at org.junit.platform.engine.support.hierarchical.NodeTestTask.lambda$executeRecursively$8(NodeTestTask.java:127)
	at org.junit.platform.engine.support.hierarchical.ThrowableCollector.execute(ThrowableCollector.java:73)
	at org.junit.platform.engine.support.hierarchical.NodeTestTask.executeRecursively(NodeTestTask.java:126)
	at org.junit.platform.engine.support.hierarchical.NodeTestTask.execute(NodeTestTask.java:84)
	at org.junit.platform.engine.support.hierarchical.SameThreadHierarchicalTestExecutorService.submit(SameThreadHierarchicalTestExecutorService.java:32)
	at org.junit.platform.engine.support.hierarchical.NodeTestTask$DefaultDynamicTestExecutor.execute(NodeTestTask.java:212)
	at org.junit.platform.engine.support.hierarchical.NodeTestTask$DefaultDynamicTestExecutor.execute(NodeTestTask.java:192)
	at java.base/java.util.stream.ForEachOps$ForEachOp$OfRef.accept(ForEachOps.java:184)
	at java.base/java.util.stream.ReferencePipeline$3$1.accept(ReferencePipeline.java:197)
	at java.base/java.util.stream.ReferencePipeline$2$1.accept(ReferencePipeline.java:179)
	at java.base/java.util.stream.ReferencePipeline$3$1.accept(ReferencePipeline.java:197)
	at java.base/java.util.stream.ReferencePipeline$15$1.accept(ReferencePipeline.java:541)
	at java.base/java.util.Iterator.forEachRemaining(Iterator.java:133)
	at java.base/java.util.Spliterators$IteratorSpliterator.forEachRemaining(Spliterators.java:1939)
	at java.base/java.util.stream.AbstractPipeline.copyInto(AbstractPipeline.java:509)
	at java.base/java.util.stream.AbstractPipeline.wrapAndCopyInto(AbstractPipeline.java:499)
	at java.base/java.util.stream.ForEachOps$ForEachOp.evaluateSequential(ForEachOps.java:151)
	at java.base/java.util.stream.ForEachOps$ForEachOp$OfRef.evaluateSequential(ForEachOps.java:174)
	at java.base/java.util.stream.AbstractPipeline.evaluate(AbstractPipeline.java:234)
	at java.base/java.util.stream.ReferencePipeline.forEachOrdered(ReferencePipeline.java:601)
	at org.junit.jupiter.engine.descriptor.DynamicContainerTestDescriptor.execute(DynamicContainerTestDescriptor.java:65)
	at org.junit.jupiter.engine.descriptor.DynamicContainerTestDescriptor.execute(DynamicContainerTestDescriptor.java:33)
	at org.junit.platform.engine.support.hierarchical.NodeTestTask.lambda$executeRecursively$5(NodeTestTask.java:139)
	at org.junit.platform.engine.support.hierarchical.ThrowableCollector.execute(ThrowableCollector.java:73)
	at org.junit.platform.engine.support.hierarchical.NodeTestTask.lambda$executeRecursively$7(NodeTestTask.java:129)
	at org.junit.platform.engine.support.hierarchical.Node.around(Node.java:137)
	at org.junit.platform.engine.support.hierarchical.NodeTestTask.lambda$executeRecursively$8(NodeTestTask.java:127)
	at org.junit.platform.engine.support.hierarchical.ThrowableCollector.execute(ThrowableCollector.java:73)
	at org.junit.platform.engine.support.hierarchical.NodeTestTask.executeRecursively(NodeTestTask.java:126)
	at org.junit.platform.engine.support.hierarchical.NodeTestTask.execute(NodeTestTask.java:84)
	at org.junit.platform.engine.support.hierarchical.SameThreadHierarchicalTestExecutorService.submit(SameThreadHierarchicalTestExecutorService.java:32)
	at org.junit.platform.engine.support.hierarchical.NodeTestTask$DefaultDynamicTestExecutor.execute(NodeTestTask.java:212)
	at org.junit.platform.engine.support.hierarchical.NodeTestTask$DefaultDynamicTestExecutor.execute(NodeTestTask.java:192)
	at java.base/java.util.Optional.ifPresent(Optional.java:178)
	at org.junit.jupiter.engine.descriptor.TestFactoryTestDescriptor.lambda$invokeTestMethod$1(TestFactoryTestDescriptor.java:106)
	at org.junit.platform.engine.support.hierarchical.ThrowableCollector.execute(ThrowableCollector.java:73)
	at org.junit.jupiter.engine.descriptor.TestFactoryTestDescriptor.invokeTestMethod(TestFactoryTestDescriptor.java:93)
	at org.junit.jupiter.engine.descriptor.TestMethodTestDescriptor.execute(TestMethodTestDescriptor.java:131)
	at org.junit.jupiter.engine.descriptor.TestMethodTestDescriptor.execute(TestMethodTestDescriptor.java:65)
	at org.junit.platform.engine.support.hierarchical.NodeTestTask.lambda$executeRecursively$5(NodeTestTask.java:139)
	at org.junit.platform.engine.support.hierarchical.ThrowableCollector.execute(ThrowableCollector.java:73)
	at org.junit.platform.engine.support.hierarchical.NodeTestTask.lambda$executeRecursively$7(NodeTestTask.java:129)
	at org.junit.platform.engine.support.hierarchical.Node.around(Node.java:137)
	at org.junit.platform.engine.support.hierarchical.NodeTestTask.lambda$executeRecursively$8(NodeTestTask.java:127)
	at org.junit.platform.engine.support.hierarchical.ThrowableCollector.execute(ThrowableCollector.java:73)
	at org.junit.platform.engine.support.hierarchical.NodeTestTask.executeRecursively(NodeTestTask.java:126)
	at org.junit.platform.engine.support.hierarchical.NodeTestTask.execute(NodeTestTask.java:84)
	at java.base/java.util.ArrayList.forEach(ArrayList.java:1596)
	at org.junit.platform.engine.support.hierarchical.SameThreadHierarchicalTestExecutorService.invokeAll(SameThreadHierarchicalTestExecutorService.java:38)
	at org.junit.platform.engine.support.hierarchical.NodeTestTask.lambda$executeRecursively$5(NodeTestTask.java:143)
	at org.junit.platform.engine.support.hierarchical.ThrowableCollector.execute(ThrowableCollector.java:73)
	at org.junit.platform.engine.support.hierarchical.NodeTestTask.lambda$executeRecursively$7(NodeTestTask.java:129)
	at org.junit.platform.engine.support.hierarchical.Node.around(Node.java:137)
	at org.junit.platform.engine.support.hierarchical.NodeTestTask.lambda$executeRecursively$8(NodeTestTask.java:127)
	at org.junit.platform.engine.support.hierarchical.ThrowableCollector.execute(ThrowableCollector.java:73)
	at org.junit.platform.engine.support.hierarchical.NodeTestTask.executeRecursively(NodeTestTask.java:126)
	at org.junit.platform.engine.support.hierarchical.NodeTestTask.execute(NodeTestTask.java:84)
	at java.base/java.util.ArrayList.forEach(ArrayList.java:1596)
	at org.junit.platform.engine.support.hierarchical.SameThreadHierarchicalTestExecutorService.invokeAll(SameThreadHierarchicalTestExecutorService.java:38)
	at org.junit.platform.engine.support.hierarchical.NodeTestTask.lambda$executeRecursively$5(NodeTestTask.java:143)
	at org.junit.platform.engine.support.hierarchical.ThrowableCollector.execute(ThrowableCollector.java:73)
	at org.junit.platform.engine.support.hierarchical.NodeTestTask.lambda$executeRecursively$7(NodeTestTask.java:129)
	at org.junit.platform.engine.support.hierarchical.Node.around(Node.java:137)
	at org.junit.platform.engine.support.hierarchical.NodeTestTask.lambda$executeRecursively$8(NodeTestTask.java:127)
	at org.junit.platform.engine.support.hierarchical.ThrowableCollector.execute(ThrowableCollector.java:73)
	at org.junit.platform.engine.support.hierarchical.NodeTestTask.executeRecursively(NodeTestTask.java:126)
	at org.junit.platform.engine.support.hierarchical.NodeTestTask.execute(NodeTestTask.java:84)
	at org.junit.platform.engine.support.hierarchical.SameThreadHierarchicalTestExecutorService.submit(SameThreadHierarchicalTestExecutorService.java:32)
	at org.junit.platform.engine.support.hierarchical.HierarchicalTestExecutor.execute(HierarchicalTestExecutor.java:57)
	at org.junit.platform.engine.support.hierarchical.HierarchicalTestEngine.execute(HierarchicalTestEngine.java:51)
	at org.junit.platform.launcher.core.EngineExecutionOrchestrator.execute(EngineExecutionOrchestrator.java:108)
	at org.junit.platform.launcher.core.EngineExecutionOrchestrator.execute(EngineExecutionOrchestrator.java:88)
	at org.junit.platform.launcher.core.EngineExecutionOrchestrator.lambda$execute$0(EngineExecutionOrchestrator.java:54)
	at org.junit.platform.launcher.core.EngineExecutionOrchestrator.withInterceptedStreams(EngineExecutionOrchestrator.java:67)
	at org.junit.platform.launcher.core.EngineExecutionOrchestrator.execute(EngineExecutionOrchestrator.java:52)
	at org.junit.platform.launcher.core.DefaultLauncher.execute(DefaultLauncher.java:96)
	at org.junit.platform.launcher.core.DefaultLauncher.execute(DefaultLauncher.java:75)
	at org.apache.maven.surefire.junitplatform.LazyLauncher.execute(LazyLauncher.java:55)
	at org.apache.maven.surefire.junitplatform.JUnitPlatformProvider.execute(JUnitPlatformProvider.java:223)
	at org.apache.maven.surefire.junitplatform.JUnitPlatformProvider.invokeAllTests(JUnitPlatformProvider.java:175)
	at org.apache.maven.surefire.junitplatform.JUnitPlatformProvider.invoke(JUnitPlatformProvider.java:139)
	at org.apache.maven.surefire.booter.ForkedBooter.runSuitesInProcess(ForkedBooter.java:456)
	at org.apache.maven.surefire.booter.ForkedBooter.execute(ForkedBooter.java:169)
	at org.apache.maven.surefire.booter.ForkedBooter.run(ForkedBooter.java:595)
	at org.apache.maven.surefire.booter.ForkedBooter.main(ForkedBooter.java:581)
]]></failure>
    <system-out><![CDATA[20:47:14.371 [main] INFO  com.intuit.karate.Runner - using system property 'karate.env': prod
20:47:14.375 [main] DEBUG com.intuit.karate.Suite - [config] classpath:karate-config.js
20:47:14.420 [main] DEBUG c.intuit.karate.core.ScenarioEngine - over-writing existing variable 'fromAccountId' with new value: '12345'
20:47:14.467 [main] DEBUG com.intuit.karate - request:
1 > POST https://parabank.parasoft.com/parabank/services/bank/billpay?accountId=12345&amount=711854
1 > Accept: application/json
1 > Content-Type: application/json; charset=UTF-8
1 > Content-Length: 177
1 > Host: parabank.parasoft.com
1 > Connection: Keep-Alive
1 > User-Agent: Apache-HttpClient/4.5.13 (Java/21.0.9)
1 > Accept-Encoding: gzip,deflate
{"name":"Pago de prueba","address":{"street":"direccion de prueba","city":"Medellin","state":"Antioquia","zipCode":"5002"},"phoneNumber":"3333333333333","accountNumber":"13344"}

20:47:14.920 [main] DEBUG com.intuit.karate - response time in milliseconds: 453
1 < 200
1 < Date: Fri, 14 Nov 2025 01:47:14 GMT
1 < Content-Type: application/json
1 < Transfer-Encoding: chunked
1 < Connection: keep-alive
1 < Server: cloudflare
1 < cf-cache-status: DYNAMIC
1 < X-Content-Type-Options: nosniff
1 < CF-RAY: 99e2d6f88e3831d7-MIA
{"payeeName":"Pago de prueba","amount":711854,"accountId":12345}

20:47:14.928 [main] ERROR com.intuit.karate - classpath:org/udea/parabank/paymentFailed.feature:34
Then match [400, 422] contains responseStatus
match failed: CONTAINS
  $ | actual does not contain expected | actual array does not contain expected item - 200 (LIST:NUMBER)
  [400,422]
  200

    $[1] | not equal (NUMBER:NUMBER)
    422
    200

    $[0] | not equal (NUMBER:NUMBER)
    400
    200

classpath:org/udea/parabank/paymentFailed.feature:34
---------------------------------------------------------
feature: classpath:org/udea/parabank/paymentFailed.feature
scenarios:  1 | passed:  0 | failed:  1 | time: 0,5383
---------------------------------------------------------

Karate version: 1.3.1 | env: prod
======================================================
elapsed:   0,69 | threads:    1 | thread time: 0,54 
features:     1 | skipped:    0 | efficiency: 0,78
scenarios:    1 | passed:     0 | failed: 1
======================================================
>>> failed features:
match failed: CONTAINS
  $ | actual does not contain expected | actual array does not contain expected item - 200 (LIST:NUMBER)
  [400,422]
  200

    $[1] | not equal (NUMBER:NUMBER)
    422
    200

    $[0] | not equal (NUMBER:NUMBER)
    400
    200

classpath:org/udea/parabank/paymentFailed.feature:34
<<<

HTML report: (paste into browser to view) | Karate version: 1.3.1 | env: prod
file:///home/jonathangr/Documentos/SEMESTRE%20(9)%202025-2/PRUEBAS%20DE%20SOFTWARE/test-services/UDEA_KaratePS/target/karate-reports/karate-summary.html
===================================================================

]]></system-out>
  </testcase>
  <testcase name="[1:14] Successful loan request" classname="org/udea/parabank/loan" time="0.347">
    <failure message="match failed: CONTAINS&#10;  $ | data types don&apos;t match (MAP:STRING)&#10;  {&quot;responseDate&quot;:1763084835410,&quot;loanProviderName&quot;:&quot;Wealth Securities Dynamic Loans (WSDL)&quot;,&quot;approved&quot;:false,&quot;message&quot;:&quot;error.insufficient.funds.for.down.payment&quot;,&quot;accountId&quot;:null}&#10;  &apos;loanResponse&apos;&#10;&#10;&#10;classpath:org/udea/parabank/loan.feature:22" type="org.opentest4j.AssertionFailedError"><![CDATA[org.opentest4j.AssertionFailedError: 
match failed: CONTAINS
  $ | data types don't match (MAP:STRING)
  {"responseDate":1763084835410,"loanProviderName":"Wealth Securities Dynamic Loans (WSDL)","approved":false,"message":"error.insufficient.funds.for.down.payment","accountId":null}
  'loanResponse'


classpath:org/udea/parabank/loan.feature:22
	at org.junit.jupiter.api.AssertionUtils.fail(AssertionUtils.java:39)
	at org.junit.jupiter.api.Assertions.fail(Assertions.java:117)
	at com.intuit.karate.junit5.FeatureNode.lambda$next$1(FeatureNode.java:86)
	at org.junit.jupiter.engine.descriptor.DynamicTestTestDescriptor.lambda$execute$0(DynamicTestTestDescriptor.java:52)
	at org.junit.jupiter.engine.execution.InvocationInterceptorChain$ValidatingInvocation.proceed(InvocationInterceptorChain.java:131)
	at org.junit.jupiter.api.extension.InvocationInterceptor.interceptDynamicTest(InvocationInterceptor.java:161)
	at org.junit.jupiter.engine.descriptor.DynamicTestTestDescriptor.lambda$execute$1(DynamicTestTestDescriptor.java:58)
	at org.junit.jupiter.engine.execution.InvocationInterceptorChain$InterceptorCall.lambda$ofVoid$0(InvocationInterceptorChain.java:78)
	at org.junit.jupiter.engine.execution.InvocationInterceptorChain$InterceptedInvocation.proceed(InvocationInterceptorChain.java:106)
	at org.junit.jupiter.engine.execution.InvocationInterceptorChain.proceed(InvocationInterceptorChain.java:64)
	at org.junit.jupiter.engine.execution.InvocationInterceptorChain.chainAndInvoke(InvocationInterceptorChain.java:45)
	at org.junit.jupiter.engine.execution.InvocationInterceptorChain.invoke(InvocationInterceptorChain.java:37)
	at org.junit.jupiter.engine.descriptor.DynamicTestTestDescriptor.execute(DynamicTestTestDescriptor.java:57)
	at org.junit.jupiter.engine.descriptor.DynamicTestTestDescriptor.execute(DynamicTestTestDescriptor.java:31)
	at org.junit.platform.engine.support.hierarchical.NodeTestTask.lambda$executeRecursively$5(NodeTestTask.java:139)
	at org.junit.platform.engine.support.hierarchical.ThrowableCollector.execute(ThrowableCollector.java:73)
	at org.junit.platform.engine.support.hierarchical.NodeTestTask.lambda$executeRecursively$7(NodeTestTask.java:129)
	at org.junit.platform.engine.support.hierarchical.Node.around(Node.java:137)
	at org.junit.platform.engine.support.hierarchical.NodeTestTask.lambda$executeRecursively$8(NodeTestTask.java:127)
	at org.junit.platform.engine.support.hierarchical.ThrowableCollector.execute(ThrowableCollector.java:73)
	at org.junit.platform.engine.support.hierarchical.NodeTestTask.executeRecursively(NodeTestTask.java:126)
	at org.junit.platform.engine.support.hierarchical.NodeTestTask.execute(NodeTestTask.java:84)
	at org.junit.platform.engine.support.hierarchical.SameThreadHierarchicalTestExecutorService.submit(SameThreadHierarchicalTestExecutorService.java:32)
	at org.junit.platform.engine.support.hierarchical.NodeTestTask$DefaultDynamicTestExecutor.execute(NodeTestTask.java:212)
	at org.junit.platform.engine.support.hierarchical.NodeTestTask$DefaultDynamicTestExecutor.execute(NodeTestTask.java:192)
	at java.base/java.util.stream.ForEachOps$ForEachOp$OfRef.accept(ForEachOps.java:184)
	at java.base/java.util.stream.ReferencePipeline$3$1.accept(ReferencePipeline.java:197)
	at java.base/java.util.stream.ReferencePipeline$2$1.accept(ReferencePipeline.java:179)
	at java.base/java.util.stream.ReferencePipeline$3$1.accept(ReferencePipeline.java:197)
	at java.base/java.util.stream.ReferencePipeline$15$1.accept(ReferencePipeline.java:541)
	at java.base/java.util.Iterator.forEachRemaining(Iterator.java:133)
	at java.base/java.util.Spliterators$IteratorSpliterator.forEachRemaining(Spliterators.java:1939)
	at java.base/java.util.stream.AbstractPipeline.copyInto(AbstractPipeline.java:509)
	at java.base/java.util.stream.AbstractPipeline.wrapAndCopyInto(AbstractPipeline.java:499)
	at java.base/java.util.stream.ForEachOps$ForEachOp.evaluateSequential(ForEachOps.java:151)
	at java.base/java.util.stream.ForEachOps$ForEachOp$OfRef.evaluateSequential(ForEachOps.java:174)
	at java.base/java.util.stream.AbstractPipeline.evaluate(AbstractPipeline.java:234)
	at java.base/java.util.stream.ReferencePipeline.forEachOrdered(ReferencePipeline.java:601)
	at org.junit.jupiter.engine.descriptor.DynamicContainerTestDescriptor.execute(DynamicContainerTestDescriptor.java:65)
	at org.junit.jupiter.engine.descriptor.DynamicContainerTestDescriptor.execute(DynamicContainerTestDescriptor.java:33)
	at org.junit.platform.engine.support.hierarchical.NodeTestTask.lambda$executeRecursively$5(NodeTestTask.java:139)
	at org.junit.platform.engine.support.hierarchical.ThrowableCollector.execute(ThrowableCollector.java:73)
	at org.junit.platform.engine.support.hierarchical.NodeTestTask.lambda$executeRecursively$7(NodeTestTask.java:129)
	at org.junit.platform.engine.support.hierarchical.Node.around(Node.java:137)
	at org.junit.platform.engine.support.hierarchical.NodeTestTask.lambda$executeRecursively$8(NodeTestTask.java:127)
	at org.junit.platform.engine.support.hierarchical.ThrowableCollector.execute(ThrowableCollector.java:73)
	at org.junit.platform.engine.support.hierarchical.NodeTestTask.executeRecursively(NodeTestTask.java:126)
	at org.junit.platform.engine.support.hierarchical.NodeTestTask.execute(NodeTestTask.java:84)
	at org.junit.platform.engine.support.hierarchical.SameThreadHierarchicalTestExecutorService.submit(SameThreadHierarchicalTestExecutorService.java:32)
	at org.junit.platform.engine.support.hierarchical.NodeTestTask$DefaultDynamicTestExecutor.execute(NodeTestTask.java:212)
	at org.junit.platform.engine.support.hierarchical.NodeTestTask$DefaultDynamicTestExecutor.execute(NodeTestTask.java:192)
	at java.base/java.util.Optional.ifPresent(Optional.java:178)
	at org.junit.jupiter.engine.descriptor.TestFactoryTestDescriptor.lambda$invokeTestMethod$1(TestFactoryTestDescriptor.java:106)
	at org.junit.platform.engine.support.hierarchical.ThrowableCollector.execute(ThrowableCollector.java:73)
	at org.junit.jupiter.engine.descriptor.TestFactoryTestDescriptor.invokeTestMethod(TestFactoryTestDescriptor.java:93)
	at org.junit.jupiter.engine.descriptor.TestMethodTestDescriptor.execute(TestMethodTestDescriptor.java:131)
	at org.junit.jupiter.engine.descriptor.TestMethodTestDescriptor.execute(TestMethodTestDescriptor.java:65)
	at org.junit.platform.engine.support.hierarchical.NodeTestTask.lambda$executeRecursively$5(NodeTestTask.java:139)
	at org.junit.platform.engine.support.hierarchical.ThrowableCollector.execute(ThrowableCollector.java:73)
	at org.junit.platform.engine.support.hierarchical.NodeTestTask.lambda$executeRecursively$7(NodeTestTask.java:129)
	at org.junit.platform.engine.support.hierarchical.Node.around(Node.java:137)
	at org.junit.platform.engine.support.hierarchical.NodeTestTask.lambda$executeRecursively$8(NodeTestTask.java:127)
	at org.junit.platform.engine.support.hierarchical.ThrowableCollector.execute(ThrowableCollector.java:73)
	at org.junit.platform.engine.support.hierarchical.NodeTestTask.executeRecursively(NodeTestTask.java:126)
	at org.junit.platform.engine.support.hierarchical.NodeTestTask.execute(NodeTestTask.java:84)
	at java.base/java.util.ArrayList.forEach(ArrayList.java:1596)
	at org.junit.platform.engine.support.hierarchical.SameThreadHierarchicalTestExecutorService.invokeAll(SameThreadHierarchicalTestExecutorService.java:38)
	at org.junit.platform.engine.support.hierarchical.NodeTestTask.lambda$executeRecursively$5(NodeTestTask.java:143)
	at org.junit.platform.engine.support.hierarchical.ThrowableCollector.execute(ThrowableCollector.java:73)
	at org.junit.platform.engine.support.hierarchical.NodeTestTask.lambda$executeRecursively$7(NodeTestTask.java:129)
	at org.junit.platform.engine.support.hierarchical.Node.around(Node.java:137)
	at org.junit.platform.engine.support.hierarchical.NodeTestTask.lambda$executeRecursively$8(NodeTestTask.java:127)
	at org.junit.platform.engine.support.hierarchical.ThrowableCollector.execute(ThrowableCollector.java:73)
	at org.junit.platform.engine.support.hierarchical.NodeTestTask.executeRecursively(NodeTestTask.java:126)
	at org.junit.platform.engine.support.hierarchical.NodeTestTask.execute(NodeTestTask.java:84)
	at java.base/java.util.ArrayList.forEach(ArrayList.java:1596)
	at org.junit.platform.engine.support.hierarchical.SameThreadHierarchicalTestExecutorService.invokeAll(SameThreadHierarchicalTestExecutorService.java:38)
	at org.junit.platform.engine.support.hierarchical.NodeTestTask.lambda$executeRecursively$5(NodeTestTask.java:143)
	at org.junit.platform.engine.support.hierarchical.ThrowableCollector.execute(ThrowableCollector.java:73)
	at org.junit.platform.engine.support.hierarchical.NodeTestTask.lambda$executeRecursively$7(NodeTestTask.java:129)
	at org.junit.platform.engine.support.hierarchical.Node.around(Node.java:137)
	at org.junit.platform.engine.support.hierarchical.NodeTestTask.lambda$executeRecursively$8(NodeTestTask.java:127)
	at org.junit.platform.engine.support.hierarchical.ThrowableCollector.execute(ThrowableCollector.java:73)
	at org.junit.platform.engine.support.hierarchical.NodeTestTask.executeRecursively(NodeTestTask.java:126)
	at org.junit.platform.engine.support.hierarchical.NodeTestTask.execute(NodeTestTask.java:84)
	at org.junit.platform.engine.support.hierarchical.SameThreadHierarchicalTestExecutorService.submit(SameThreadHierarchicalTestExecutorService.java:32)
	at org.junit.platform.engine.support.hierarchical.HierarchicalTestExecutor.execute(HierarchicalTestExecutor.java:57)
	at org.junit.platform.engine.support.hierarchical.HierarchicalTestEngine.execute(HierarchicalTestEngine.java:51)
	at org.junit.platform.launcher.core.EngineExecutionOrchestrator.execute(EngineExecutionOrchestrator.java:108)
	at org.junit.platform.launcher.core.EngineExecutionOrchestrator.execute(EngineExecutionOrchestrator.java:88)
	at org.junit.platform.launcher.core.EngineExecutionOrchestrator.lambda$execute$0(EngineExecutionOrchestrator.java:54)
	at org.junit.platform.launcher.core.EngineExecutionOrchestrator.withInterceptedStreams(EngineExecutionOrchestrator.java:67)
	at org.junit.platform.launcher.core.EngineExecutionOrchestrator.execute(EngineExecutionOrchestrator.java:52)
	at org.junit.platform.launcher.core.DefaultLauncher.execute(DefaultLauncher.java:96)
	at org.junit.platform.launcher.core.DefaultLauncher.execute(DefaultLauncher.java:75)
	at org.apache.maven.surefire.junitplatform.LazyLauncher.execute(LazyLauncher.java:55)
	at org.apache.maven.surefire.junitplatform.JUnitPlatformProvider.execute(JUnitPlatformProvider.java:223)
	at org.apache.maven.surefire.junitplatform.JUnitPlatformProvider.invokeAllTests(JUnitPlatformProvider.java:175)
	at org.apache.maven.surefire.junitplatform.JUnitPlatformProvider.invoke(JUnitPlatformProvider.java:139)
	at org.apache.maven.surefire.booter.ForkedBooter.runSuitesInProcess(ForkedBooter.java:456)
	at org.apache.maven.surefire.booter.ForkedBooter.execute(ForkedBooter.java:169)
	at org.apache.maven.surefire.booter.ForkedBooter.run(ForkedBooter.java:595)
	at org.apache.maven.surefire.booter.ForkedBooter.main(ForkedBooter.java:581)
]]></failure>
    <system-out><![CDATA[20:47:15.134 [main] INFO  com.intuit.karate.Runner - using system property 'karate.env': prod
20:47:15.137 [main] DEBUG com.intuit.karate.Suite - [config] classpath:karate-config.js
20:47:15.156 [main] DEBUG com.intuit.karate - request:
1 > POST https://parabank.parasoft.com/parabank/services/bank/requestLoan?amount=4749&fromAccountId=13344&downPayment=361&customerId=12212
1 > Accept: application/json
1 > Host: parabank.parasoft.com
1 > Connection: Keep-Alive
1 > User-Agent: Apache-HttpClient/4.5.13 (Java/21.0.9)
1 > Accept-Encoding: gzip,deflate


20:47:15.482 [main] DEBUG com.intuit.karate - response time in milliseconds: 326
1 < 200
1 < Date: Fri, 14 Nov 2025 01:47:15 GMT
1 < Content-Type: application/json
1 < Transfer-Encoding: chunked
1 < Connection: keep-alive
1 < Server: cloudflare
1 < cf-cache-status: DYNAMIC
1 < X-Content-Type-Options: nosniff
1 < CF-RAY: 99e2d6fcaa430669-MIA
{"responseDate":1763084835410,"loanProviderName":"Wealth Securities Dynamic Loans (WSDL)","approved":false,"message":"error.insufficient.funds.for.down.payment","accountId":null}

20:47:15.485 [main] ERROR com.intuit.karate - classpath:org/udea/parabank/loan.feature:22
And match response contains 'loanResponse'
match failed: CONTAINS
  $ | data types don't match (MAP:STRING)
  {"responseDate":1763084835410,"loanProviderName":"Wealth Securities Dynamic Loans (WSDL)","approved":false,"message":"error.insufficient.funds.for.down.payment","accountId":null}
  'loanResponse'


classpath:org/udea/parabank/loan.feature:22
]]></system-out>
  </testcase>
  <testcase name="[2:25] Loan request fails when downPayment exceeds amount" classname="org/udea/parabank/loan" time="0.539">
    <failure message="status code was: 200, expected: 400, response time in milliseconds: 366, url: https://parabank.parasoft.com/parabank/services/bank/requestLoan?amount=100&amp;fromAccountId=13344&amp;downPayment=500&amp;customerId=12212, response: &#10;{&quot;responseDate&quot;:1763084835792,&quot;loanProviderName&quot;:&quot;Wealth Securities Dynamic Loans (WSDL)&quot;,&quot;approved&quot;:false,&quot;message&quot;:&quot;error.insufficient.funds.for.down.payment&quot;,&quot;accountId&quot;:null}&#10;classpath:org/udea/parabank/loan.feature:32" type="org.opentest4j.AssertionFailedError"><![CDATA[org.opentest4j.AssertionFailedError: 
status code was: 200, expected: 400, response time in milliseconds: 366, url: https://parabank.parasoft.com/parabank/services/bank/requestLoan?amount=100&fromAccountId=13344&downPayment=500&customerId=12212, response: 
{"responseDate":1763084835792,"loanProviderName":"Wealth Securities Dynamic Loans (WSDL)","approved":false,"message":"error.insufficient.funds.for.down.payment","accountId":null}
classpath:org/udea/parabank/loan.feature:32
	at org.junit.jupiter.api.AssertionUtils.fail(AssertionUtils.java:39)
	at org.junit.jupiter.api.Assertions.fail(Assertions.java:117)
	at com.intuit.karate.junit5.FeatureNode.lambda$next$1(FeatureNode.java:86)
	at org.junit.jupiter.engine.descriptor.DynamicTestTestDescriptor.lambda$execute$0(DynamicTestTestDescriptor.java:52)
	at org.junit.jupiter.engine.execution.InvocationInterceptorChain$ValidatingInvocation.proceed(InvocationInterceptorChain.java:131)
	at org.junit.jupiter.api.extension.InvocationInterceptor.interceptDynamicTest(InvocationInterceptor.java:161)
	at org.junit.jupiter.engine.descriptor.DynamicTestTestDescriptor.lambda$execute$1(DynamicTestTestDescriptor.java:58)
	at org.junit.jupiter.engine.execution.InvocationInterceptorChain$InterceptorCall.lambda$ofVoid$0(InvocationInterceptorChain.java:78)
	at org.junit.jupiter.engine.execution.InvocationInterceptorChain$InterceptedInvocation.proceed(InvocationInterceptorChain.java:106)
	at org.junit.jupiter.engine.execution.InvocationInterceptorChain.proceed(InvocationInterceptorChain.java:64)
	at org.junit.jupiter.engine.execution.InvocationInterceptorChain.chainAndInvoke(InvocationInterceptorChain.java:45)
	at org.junit.jupiter.engine.execution.InvocationInterceptorChain.invoke(InvocationInterceptorChain.java:37)
	at org.junit.jupiter.engine.descriptor.DynamicTestTestDescriptor.execute(DynamicTestTestDescriptor.java:57)
	at org.junit.jupiter.engine.descriptor.DynamicTestTestDescriptor.execute(DynamicTestTestDescriptor.java:31)
	at org.junit.platform.engine.support.hierarchical.NodeTestTask.lambda$executeRecursively$5(NodeTestTask.java:139)
	at org.junit.platform.engine.support.hierarchical.ThrowableCollector.execute(ThrowableCollector.java:73)
	at org.junit.platform.engine.support.hierarchical.NodeTestTask.lambda$executeRecursively$7(NodeTestTask.java:129)
	at org.junit.platform.engine.support.hierarchical.Node.around(Node.java:137)
	at org.junit.platform.engine.support.hierarchical.NodeTestTask.lambda$executeRecursively$8(NodeTestTask.java:127)
	at org.junit.platform.engine.support.hierarchical.ThrowableCollector.execute(ThrowableCollector.java:73)
	at org.junit.platform.engine.support.hierarchical.NodeTestTask.executeRecursively(NodeTestTask.java:126)
	at org.junit.platform.engine.support.hierarchical.NodeTestTask.execute(NodeTestTask.java:84)
	at org.junit.platform.engine.support.hierarchical.SameThreadHierarchicalTestExecutorService.submit(SameThreadHierarchicalTestExecutorService.java:32)
	at org.junit.platform.engine.support.hierarchical.NodeTestTask$DefaultDynamicTestExecutor.execute(NodeTestTask.java:212)
	at org.junit.platform.engine.support.hierarchical.NodeTestTask$DefaultDynamicTestExecutor.execute(NodeTestTask.java:192)
	at java.base/java.util.stream.ForEachOps$ForEachOp$OfRef.accept(ForEachOps.java:184)
	at java.base/java.util.stream.ReferencePipeline$3$1.accept(ReferencePipeline.java:197)
	at java.base/java.util.stream.ReferencePipeline$2$1.accept(ReferencePipeline.java:179)
	at java.base/java.util.stream.ReferencePipeline$3$1.accept(ReferencePipeline.java:197)
	at java.base/java.util.stream.ReferencePipeline$15$1.accept(ReferencePipeline.java:541)
	at java.base/java.util.Iterator.forEachRemaining(Iterator.java:133)
	at java.base/java.util.Spliterators$IteratorSpliterator.forEachRemaining(Spliterators.java:1939)
	at java.base/java.util.stream.AbstractPipeline.copyInto(AbstractPipeline.java:509)
	at java.base/java.util.stream.AbstractPipeline.wrapAndCopyInto(AbstractPipeline.java:499)
	at java.base/java.util.stream.ForEachOps$ForEachOp.evaluateSequential(ForEachOps.java:151)
	at java.base/java.util.stream.ForEachOps$ForEachOp$OfRef.evaluateSequential(ForEachOps.java:174)
	at java.base/java.util.stream.AbstractPipeline.evaluate(AbstractPipeline.java:234)
	at java.base/java.util.stream.ReferencePipeline.forEachOrdered(ReferencePipeline.java:601)
	at org.junit.jupiter.engine.descriptor.DynamicContainerTestDescriptor.execute(DynamicContainerTestDescriptor.java:65)
	at org.junit.jupiter.engine.descriptor.DynamicContainerTestDescriptor.execute(DynamicContainerTestDescriptor.java:33)
	at org.junit.platform.engine.support.hierarchical.NodeTestTask.lambda$executeRecursively$5(NodeTestTask.java:139)
	at org.junit.platform.engine.support.hierarchical.ThrowableCollector.execute(ThrowableCollector.java:73)
	at org.junit.platform.engine.support.hierarchical.NodeTestTask.lambda$executeRecursively$7(NodeTestTask.java:129)
	at org.junit.platform.engine.support.hierarchical.Node.around(Node.java:137)
	at org.junit.platform.engine.support.hierarchical.NodeTestTask.lambda$executeRecursively$8(NodeTestTask.java:127)
	at org.junit.platform.engine.support.hierarchical.ThrowableCollector.execute(ThrowableCollector.java:73)
	at org.junit.platform.engine.support.hierarchical.NodeTestTask.executeRecursively(NodeTestTask.java:126)
	at org.junit.platform.engine.support.hierarchical.NodeTestTask.execute(NodeTestTask.java:84)
	at org.junit.platform.engine.support.hierarchical.SameThreadHierarchicalTestExecutorService.submit(SameThreadHierarchicalTestExecutorService.java:32)
	at org.junit.platform.engine.support.hierarchical.NodeTestTask$DefaultDynamicTestExecutor.execute(NodeTestTask.java:212)
	at org.junit.platform.engine.support.hierarchical.NodeTestTask$DefaultDynamicTestExecutor.execute(NodeTestTask.java:192)
	at java.base/java.util.Optional.ifPresent(Optional.java:178)
	at org.junit.jupiter.engine.descriptor.TestFactoryTestDescriptor.lambda$invokeTestMethod$1(TestFactoryTestDescriptor.java:106)
	at org.junit.platform.engine.support.hierarchical.ThrowableCollector.execute(ThrowableCollector.java:73)
	at org.junit.jupiter.engine.descriptor.TestFactoryTestDescriptor.invokeTestMethod(TestFactoryTestDescriptor.java:93)
	at org.junit.jupiter.engine.descriptor.TestMethodTestDescriptor.execute(TestMethodTestDescriptor.java:131)
	at org.junit.jupiter.engine.descriptor.TestMethodTestDescriptor.execute(TestMethodTestDescriptor.java:65)
	at org.junit.platform.engine.support.hierarchical.NodeTestTask.lambda$executeRecursively$5(NodeTestTask.java:139)
	at org.junit.platform.engine.support.hierarchical.ThrowableCollector.execute(ThrowableCollector.java:73)
	at org.junit.platform.engine.support.hierarchical.NodeTestTask.lambda$executeRecursively$7(NodeTestTask.java:129)
	at org.junit.platform.engine.support.hierarchical.Node.around(Node.java:137)
	at org.junit.platform.engine.support.hierarchical.NodeTestTask.lambda$executeRecursively$8(NodeTestTask.java:127)
	at org.junit.platform.engine.support.hierarchical.ThrowableCollector.execute(ThrowableCollector.java:73)
	at org.junit.platform.engine.support.hierarchical.NodeTestTask.executeRecursively(NodeTestTask.java:126)
	at org.junit.platform.engine.support.hierarchical.NodeTestTask.execute(NodeTestTask.java:84)
	at java.base/java.util.ArrayList.forEach(ArrayList.java:1596)
	at org.junit.platform.engine.support.hierarchical.SameThreadHierarchicalTestExecutorService.invokeAll(SameThreadHierarchicalTestExecutorService.java:38)
	at org.junit.platform.engine.support.hierarchical.NodeTestTask.lambda$executeRecursively$5(NodeTestTask.java:143)
	at org.junit.platform.engine.support.hierarchical.ThrowableCollector.execute(ThrowableCollector.java:73)
	at org.junit.platform.engine.support.hierarchical.NodeTestTask.lambda$executeRecursively$7(NodeTestTask.java:129)
	at org.junit.platform.engine.support.hierarchical.Node.around(Node.java:137)
	at org.junit.platform.engine.support.hierarchical.NodeTestTask.lambda$executeRecursively$8(NodeTestTask.java:127)
	at org.junit.platform.engine.support.hierarchical.ThrowableCollector.execute(ThrowableCollector.java:73)
	at org.junit.platform.engine.support.hierarchical.NodeTestTask.executeRecursively(NodeTestTask.java:126)
	at org.junit.platform.engine.support.hierarchical.NodeTestTask.execute(NodeTestTask.java:84)
	at java.base/java.util.ArrayList.forEach(ArrayList.java:1596)
	at org.junit.platform.engine.support.hierarchical.SameThreadHierarchicalTestExecutorService.invokeAll(SameThreadHierarchicalTestExecutorService.java:38)
	at org.junit.platform.engine.support.hierarchical.NodeTestTask.lambda$executeRecursively$5(NodeTestTask.java:143)
	at org.junit.platform.engine.support.hierarchical.ThrowableCollector.execute(ThrowableCollector.java:73)
	at org.junit.platform.engine.support.hierarchical.NodeTestTask.lambda$executeRecursively$7(NodeTestTask.java:129)
	at org.junit.platform.engine.support.hierarchical.Node.around(Node.java:137)
	at org.junit.platform.engine.support.hierarchical.NodeTestTask.lambda$executeRecursively$8(NodeTestTask.java:127)
	at org.junit.platform.engine.support.hierarchical.ThrowableCollector.execute(ThrowableCollector.java:73)
	at org.junit.platform.engine.support.hierarchical.NodeTestTask.executeRecursively(NodeTestTask.java:126)
	at org.junit.platform.engine.support.hierarchical.NodeTestTask.execute(NodeTestTask.java:84)
	at org.junit.platform.engine.support.hierarchical.SameThreadHierarchicalTestExecutorService.submit(SameThreadHierarchicalTestExecutorService.java:32)
	at org.junit.platform.engine.support.hierarchical.HierarchicalTestExecutor.execute(HierarchicalTestExecutor.java:57)
	at org.junit.platform.engine.support.hierarchical.HierarchicalTestEngine.execute(HierarchicalTestEngine.java:51)
	at org.junit.platform.launcher.core.EngineExecutionOrchestrator.execute(EngineExecutionOrchestrator.java:108)
	at org.junit.platform.launcher.core.EngineExecutionOrchestrator.execute(EngineExecutionOrchestrator.java:88)
	at org.junit.platform.launcher.core.EngineExecutionOrchestrator.lambda$execute$0(EngineExecutionOrchestrator.java:54)
	at org.junit.platform.launcher.core.EngineExecutionOrchestrator.withInterceptedStreams(EngineExecutionOrchestrator.java:67)
	at org.junit.platform.launcher.core.EngineExecutionOrchestrator.execute(EngineExecutionOrchestrator.java:52)
	at org.junit.platform.launcher.core.DefaultLauncher.execute(DefaultLauncher.java:96)
	at org.junit.platform.launcher.core.DefaultLauncher.execute(DefaultLauncher.java:75)
	at org.apache.maven.surefire.junitplatform.LazyLauncher.execute(LazyLauncher.java:55)
	at org.apache.maven.surefire.junitplatform.JUnitPlatformProvider.execute(JUnitPlatformProvider.java:223)
	at org.apache.maven.surefire.junitplatform.JUnitPlatformProvider.invokeAllTests(JUnitPlatformProvider.java:175)
	at org.apache.maven.surefire.junitplatform.JUnitPlatformProvider.invoke(JUnitPlatformProvider.java:139)
	at org.apache.maven.surefire.booter.ForkedBooter.runSuitesInProcess(ForkedBooter.java:456)
	at org.apache.maven.surefire.booter.ForkedBooter.execute(ForkedBooter.java:169)
	at org.apache.maven.surefire.booter.ForkedBooter.run(ForkedBooter.java:595)
	at org.apache.maven.surefire.booter.ForkedBooter.main(ForkedBooter.java:581)
]]></failure>
    <system-out><![CDATA[20:47:15.501 [main] DEBUG com.intuit.karate - request:
1 > POST https://parabank.parasoft.com/parabank/services/bank/requestLoan?amount=100&fromAccountId=13344&downPayment=500&customerId=12212
1 > Accept: application/json
1 > Host: parabank.parasoft.com
1 > Connection: Keep-Alive
1 > User-Agent: Apache-HttpClient/4.5.13 (Java/21.0.9)
1 > Accept-Encoding: gzip,deflate


20:47:15.868 [main] DEBUG com.intuit.karate - response time in milliseconds: 366
1 < 200
1 < Date: Fri, 14 Nov 2025 01:47:15 GMT
1 < Content-Type: application/json
1 < Transfer-Encoding: chunked
1 < Connection: keep-alive
1 < Server: cloudflare
1 < cf-cache-status: DYNAMIC
1 < X-Content-Type-Options: nosniff
1 < CF-RAY: 99e2d6ff5a3674a6-MIA
{"responseDate":1763084835792,"loanProviderName":"Wealth Securities Dynamic Loans (WSDL)","approved":false,"message":"error.insufficient.funds.for.down.payment","accountId":null}

20:47:15.869 [main] ERROR com.intuit.karate - classpath:org/udea/parabank/loan.feature:32
Then status 400
status code was: 200, expected: 400, response time in milliseconds: 366, url: https://parabank.parasoft.com/parabank/services/bank/requestLoan?amount=100&fromAccountId=13344&downPayment=500&customerId=12212, response: 
{"responseDate":1763084835792,"loanProviderName":"Wealth Securities Dynamic Loans (WSDL)","approved":false,"message":"error.insufficient.funds.for.down.payment","accountId":null}
classpath:org/udea/parabank/loan.feature:32
---------------------------------------------------------
feature: classpath:org/udea/parabank/loan.feature
scenarios:  2 | passed:  0 | failed:  2 | time: 0,7104
---------------------------------------------------------

Karate version: 1.3.1 | env: prod
======================================================
elapsed:   0,84 | threads:    1 | thread time: 0,71 
features:     1 | skipped:    0 | efficiency: 0,84
scenarios:    2 | passed:     0 | failed: 2
======================================================
>>> failed features:
match failed: CONTAINS
  $ | data types don't match (MAP:STRING)
  {"responseDate":1763084835410,"loanProviderName":"Wealth Securities Dynamic Loans (WSDL)","approved":false,"message":"error.insufficient.funds.for.down.payment","accountId":null}
  'loanResponse'


classpath:org/udea/parabank/loan.feature:22
status code was: 200, expected: 400, response time in milliseconds: 366, url: https://parabank.parasoft.com/parabank/services/bank/requestLoan?amount=100&fromAccountId=13344&downPayment=500&customerId=12212, response: 
{"responseDate":1763084835792,"loanProviderName":"Wealth Securities Dynamic Loans (WSDL)","approved":false,"message":"error.insufficient.funds.for.down.payment","accountId":null}
classpath:org/udea/parabank/loan.feature:32
<<<

HTML report: (paste into browser to view) | Karate version: 1.3.1 | env: prod
file:///home/jonathangr/Documentos/SEMESTRE%20(9)%202025-2/PRUEBAS%20DE%20SOFTWARE/test-services/UDEA_KaratePS/target/karate-reports/karate-summary.html
===================================================================

]]></system-out>
  </testcase>
  <testcase name="[1:8] Customer Login" classname="org/udea/parabank/login" time="0.446">
    <system-out><![CDATA[20:47:16.029 [main] INFO  com.intuit.karate.Runner - using system property 'karate.env': prod
20:47:16.032 [main] DEBUG com.intuit.karate.Suite - [config] classpath:karate-config.js
20:47:16.041 [main] DEBUG com.intuit.karate - request:
1 > GET https://parabank.parasoft.com/parabank/services/bank/login/john/demo
1 > Accept: application/json
1 > Host: parabank.parasoft.com
1 > Connection: Keep-Alive
1 > User-Agent: Apache-HttpClient/4.5.13 (Java/21.0.9)
1 > Accept-Encoding: gzip,deflate


20:47:16.477 [main] DEBUG com.intuit.karate - response time in milliseconds: 436
1 < 200
1 < Date: Fri, 14 Nov 2025 01:47:16 GMT
1 < Content-Type: application/json
1 < Transfer-Encoding: chunked
1 < Connection: keep-alive
1 < Server: cloudflare
1 < cf-cache-status: DYNAMIC
1 < X-Content-Type-Options: nosniff
1 < CF-RAY: 99e2d7021e9c987e-MIA
{"id":12212,"firstName":"John","lastName":"Smith","address":{"street":"1431 Main St","city":"Beverly Hills","state":"CA","zipCode":"90210"},"phoneNumber":"310-447-4121","ssn":"622-11-9999"}

]]></system-out>
  </testcase>
  <testcase name="[2:31] Login fails with wrong credentials" classname="org/udea/parabank/login" time="0.47">
    <system-out><![CDATA[20:47:16.487 [main] DEBUG com.intuit.karate - request:
1 > GET https://parabank.parasoft.com/parabank/services/bank/login/john/wrongpass
1 > Accept: application/json
1 > Host: parabank.parasoft.com
1 > Connection: Keep-Alive
1 > User-Agent: Apache-HttpClient/4.5.13 (Java/21.0.9)
1 > Accept-Encoding: gzip,deflate


20:47:16.759 [main] DEBUG com.intuit.karate - response time in milliseconds: 272
1 < 400
1 < Date: Fri, 14 Nov 2025 01:47:16 GMT
1 < Content-Type: text/plain;charset=UTF-8
1 < Content-Length: 32
1 < Connection: keep-alive
1 < Server: cloudflare
1 < cf-cache-status: DYNAMIC
1 < X-Content-Type-Options: nosniff
1 < CF-RAY: 99e2d704eb91f7aa-MIA
Invalid username and/or password

---------------------------------------------------------
feature: classpath:org/udea/parabank/login.feature
scenarios:  2 | passed:  2 | failed:  0 | time: 0,7180
---------------------------------------------------------

Karate version: 1.3.1 | env: prod
======================================================
elapsed:   0,84 | threads:    1 | thread time: 0,72 
features:     1 | skipped:    0 | efficiency: 0,86
scenarios:    2 | passed:     2 | failed: 0
======================================================

HTML report: (paste into browser to view) | Karate version: 1.3.1 | env: prod
file:///home/jonathangr/Documentos/SEMESTRE%20(9)%202025-2/PRUEBAS%20DE%20SOFTWARE/test-services/UDEA_KaratePS/target/karate-reports/karate-summary.html
===================================================================

]]></system-out>
  </testcase>
  <testcase name="[1:16] Successful Transfer" classname="org/udea/parabank/transfer" time="0.303">
    <system-out><![CDATA[20:47:16.952 [main] INFO  com.intuit.karate.Runner - using system property 'karate.env': prod
20:47:16.956 [main] DEBUG com.intuit.karate.Suite - [config] classpath:karate-config.js
20:47:16.977 [main] DEBUG com.intuit.karate - request:
1 > POST https://parabank.parasoft.com/parabank/services/bank/transfer?amount=161&fromAccountId=12456&toAccountId=12345
1 > Accept: application/json
1 > Host: parabank.parasoft.com
1 > Connection: Keep-Alive
1 > User-Agent: Apache-HttpClient/4.5.13 (Java/21.0.9)
1 > Accept-Encoding: gzip,deflate


20:47:17.257 [main] DEBUG com.intuit.karate - response time in milliseconds: 278
1 < 200
1 < Date: Fri, 14 Nov 2025 01:47:17 GMT
1 < Content-Type: application/json
1 < Transfer-Encoding: chunked
1 < Connection: keep-alive
1 < Server: cloudflare
1 < cf-cache-status: DYNAMIC
1 < X-Content-Type-Options: nosniff
1 < CF-RAY: 99e2d707fc1db4aa-MIA
Successfully transferred $161 from account #12456 to account #12345

]]></system-out>
  </testcase>
  <testcase name="[2:26] Transfer fails when amount is invalid (negative)" classname="org/udea/parabank/transfer" time="0.272">
    <system-out><![CDATA[20:47:17.271 [main] DEBUG com.intuit.karate - request:
1 > POST https://parabank.parasoft.com/parabank/services/bank/transfer?amount=-30&fromAccountId=12456&toAccountId=12345
1 > Accept: application/json
1 > Host: parabank.parasoft.com
1 > Connection: Keep-Alive
1 > User-Agent: Apache-HttpClient/4.5.13 (Java/21.0.9)
1 > Accept-Encoding: gzip,deflate


20:47:17.531 [main] DEBUG com.intuit.karate - response time in milliseconds: 260
1 < 200
1 < Date: Fri, 14 Nov 2025 01:47:17 GMT
1 < Content-Type: application/json
1 < Transfer-Encoding: chunked
1 < Connection: keep-alive
1 < Server: cloudflare
1 < cf-cache-status: DYNAMIC
1 < X-Content-Type-Options: nosniff
1 < CF-RAY: 99e2d709db8bc620-MIA
Successfully transferred $-30 from account #12456 to account #12345

]]></system-out>
  </testcase>
  <testcase name="[3:36] Transfer fails when account invalid" classname="org/udea/parabank/transfer" time="0.455">
    <system-out><![CDATA[20:47:17.544 [main] DEBUG com.intuit.karate - request:
1 > POST https://parabank.parasoft.com/parabank/services/bank/transfer?amount=24&fromAccountId=65873&toAccountId=56230
1 > Accept: application/json
1 > Host: parabank.parasoft.com
1 > Connection: Keep-Alive
1 > User-Agent: Apache-HttpClient/4.5.13 (Java/21.0.9)
1 > Accept-Encoding: gzip,deflate


20:47:17.818 [main] DEBUG com.intuit.karate - response time in milliseconds: 272
1 < 400
1 < Date: Fri, 14 Nov 2025 01:47:17 GMT
1 < Content-Type: text/plain;charset=UTF-8
1 < Content-Length: 48
1 < Connection: keep-alive
1 < Server: cloudflare
1 < cf-cache-status: DYNAMIC
1 < X-Content-Type-Options: nosniff
1 < CF-RAY: 99e2d70b9e4d88da-MIA
Could not find account number 65873 and/or 56230

---------------------------------------------------------
feature: classpath:org/udea/parabank/transfer.feature
scenarios:  3 | passed:  3 | failed:  0 | time: 0,8418
---------------------------------------------------------

Karate version: 1.3.1 | env: prod
======================================================
elapsed:   0,99 | threads:    1 | thread time: 0,84 
features:     1 | skipped:    0 | efficiency: 0,85
scenarios:    3 | passed:     3 | failed: 0
======================================================

HTML report: (paste into browser to view) | Karate version: 1.3.1 | env: prod
file:///home/jonathangr/Documentos/SEMESTRE%20(9)%202025-2/PRUEBAS%20DE%20SOFTWARE/test-services/UDEA_KaratePS/target/karate-reports/karate-summary.html
===================================================================

]]></system-out>
  </testcase>
</testsuite>