<?xml version="1.0" encoding="UTF-8"?>
<testsuite xmlns:xsi="http://www.w3.org/2001/XMLSchema-instance" xsi:noNamespaceSchemaLocation="https://maven.apache.org/surefire/maven-surefire-plugin/xsd/surefire-test-report-3.0.xsd" version="3.0" name="org.udea.parabank.TestRunnerParallel" time="5.508" tests="1" errors="0" skipped="0" failures="1">
  <properties>
[...]
</properties>
  <testcase name="testParallel" classname="org.udea.parabank.TestRunnerParallel" time="5.486">
    <failure message="status code was: 404, expected: 200, response time in milliseconds: 705, url: https://parabank.parasoft.com/parabank/services/bank/loan?amount=2033&amp;fromAccountId=13344&amp;downPayment=146&amp;customerId=12212, response: &#10;&#10;classpath:org/udea/parabank/loan.feature:21&#10;status code was: 404, expected: 400, response time in milliseconds: 703, url: https://parabank.parasoft.com/parabank/services/bank/loan?amount=100&amp;fromAccountId=13344&amp;downPayment=500&amp;customerId=12212, response: &#10;&#10;classpath:org/udea/parabank/loan.feature:32&#10;did not evaluate to &apos;true&apos;: responseStatus == 400 || responseStatus == 422&#10;classpath:org/udea/parabank/paymentFailed.feature:29 ==&gt; expected: &lt;0&gt; but was: &lt;3&gt;" type="org.opentest4j.AssertionFailedError"><![CDATA[org.opentest4j.AssertionFailedError: 
status code was: 404, expected: 200, response time in milliseconds: 705, url: https://parabank.parasoft.com/parabank/services/bank/loan?amount=2033&fromAccountId=13344&downPayment=146&customerId=12212, response: 

classpath:org/udea/parabank/loan.feature:21
status code was: 404, expected: 400, response time in milliseconds: 703, url: https://parabank.parasoft.com/parabank/services/bank/loan?amount=100&fromAccountId=13344&downPayment=500&customerId=12212, response: 

classpath:org/udea/parabank/loan.feature:32
did not evaluate to 'true': responseStatus == 400 || responseStatus == 422
classpath:org/udea/parabank/paymentFailed.feature:29 ==> expected: <0> but was: <3>
	at org.junit.jupiter.api.AssertionUtils.fail(AssertionUtils.java:55)
	at org.junit.jupiter.api.AssertionUtils.failNotEqual(AssertionUtils.java:62)
	at org.junit.jupiter.api.AssertEquals.assertEquals(AssertEquals.java:150)
	at org.junit.jupiter.api.Assertions.assertEquals(Assertions.java:542)
	at org.udea.parabank.TestRunnerParallel.testParallel(TestRunnerParallel.java:26)
	at java.base/jdk.internal.reflect.DirectMethodHandleAccessor.invoke(DirectMethodHandleAccessor.java:103)
	at java.base/java.lang.reflect.Method.invoke(Method.java:580)
	at org.junit.platform.commons.util.ReflectionUtils.invokeMethod(ReflectionUtils.java:688)
	at org.junit.jupiter.engine.execution.MethodInvocation.proceed(MethodInvocation.java:60)
	at org.junit.jupiter.engine.execution.InvocationInterceptorChain$ValidatingInvocation.proceed(InvocationInterceptorChain.java:131)
	at org.junit.jupiter.engine.extension.TimeoutExtension.intercept(TimeoutExtension.java:149)
	at org.junit.jupiter.engine.extension.TimeoutExtension.interceptTestableMethod(TimeoutExtension.java:140)
	at org.junit.jupiter.engine.extension.TimeoutExtension.interceptTestMethod(TimeoutExtension.java:84)
	at org.junit.jupiter.engine.execution.ExecutableInvoker$ReflectiveInterceptorCall.lambda$ofVoidMethod$0(ExecutableInvoker.java:115)
	at org.junit.jupiter.engine.execution.ExecutableInvoker.lambda$invoke$0(ExecutableInvoker.java:105)
	at org.junit.jupiter.engine.execution.InvocationInterceptorChain$InterceptedInvocation.proceed(InvocationInterceptorChain.java:106)
	at org.junit.jupiter.engine.execution.InvocationInterceptorChain.proceed(InvocationInterceptorChain.java:64)
	at org.junit.jupiter.engine.execution.InvocationInterceptorChain.chainAndInvoke(InvocationInterceptorChain.java:45)
	at org.junit.jupiter.engine.execution.InvocationInterceptorChain.invoke(InvocationInterceptorChain.java:37)
	at org.junit.jupiter.engine.execution.ExecutableInvoker.invoke(ExecutableInvoker.java:104)
	at org.junit.jupiter.engine.execution.ExecutableInvoker.invoke(ExecutableInvoker.java:98)
	at org.junit.jupiter.engine.descriptor.TestMethodTestDescriptor.lambda$invokeTestMethod$6(TestMethodTestDescriptor.java:210)
	at org.junit.platform.engine.support.hierarchical.ThrowableCollector.execute(ThrowableCollector.java:73)
	at org.junit.jupiter.engine.descriptor.TestMethodTestDescriptor.invokeTestMethod(TestMethodTestDescriptor.java:206)
	at org.junit.jupiter.engine.descriptor.TestMethodTestDescriptor.execute(TestMethodTestDescriptor.java:131)
	at org.junit.jupiter.engine.descriptor.TestMethodTestDescriptor.execute(TestMethodTestDescriptor.java:65)
	at org.junit.platform.engine.support.hierarchical.NodeTestTask.lambda$executeRecursively$5(NodeTestTask.java:139)
	at org.junit.platform.engine.support.hierarchical.ThrowableCollector.execute(ThrowableCollector.java:73)
	at org.junit.platform.engine.support.hierarchical.NodeTestTask.lambda$executeRecursively$7(NodeTestTask.java:129)
	at org.junit.platform.engine.support.hierarchical.Node.around(Node.java:137)
	at org.junit.platform.engine.support.hierarchical.NodeTestTask.lambda$executeRecursively$8(NodeTestTask.java:127)
	at org.junit.platform.engine.support.hierarchical.ThrowableCollector.execute(ThrowableCollector.java:73)
	at org.junit.platform.engine.support.hierarchical.NodeTestTask.executeRecursively(NodeTestTask.java:126)
	at org.junit.platform.engine.support.hierarchical.NodeTestTask.execute(NodeTestTask.java:84)
	at java.base/java.util.ArrayList.forEach(ArrayList.java:1596)
	at org.junit.platform.engine.support.hierarchical.SameThreadHierarchicalTestExecutorService.invokeAll(SameThreadHierarchicalTestExecutorService.java:38)
	at org.junit.platform.engine.support.hierarchical.NodeTestTask.lambda$executeRecursively$5(NodeTestTask.java:143)
	at org.junit.platform.engine.support.hierarchical.ThrowableCollector.execute(ThrowableCollector.java:73)
	at org.junit.platform.engine.support.hierarchical.NodeTestTask.lambda$executeRecursively$7(NodeTestTask.java:129)
	at org.junit.platform.engine.support.hierarchical.Node.around(Node.java:137)
	at org.junit.platform.engine.support.hierarchical.NodeTestTask.lambda$executeRecursively$8(NodeTestTask.java:127)
	at org.junit.platform.engine.support.hierarchical.ThrowableCollector.execute(ThrowableCollector.java:73)
	at org.junit.platform.engine.support.hierarchical.NodeTestTask.executeRecursively(NodeTestTask.java:126)
	at org.junit.platform.engine.support.hierarchical.NodeTestTask.execute(NodeTestTask.java:84)
	at java.base/java.util.ArrayList.forEach(ArrayList.java:1596)
	at org.junit.platform.engine.support.hierarchical.SameThreadHierarchicalTestExecutorService.invokeAll(SameThreadHierarchicalTestExecutorService.java:38)
	at org.junit.platform.engine.support.hierarchical.NodeTestTask.lambda$executeRecursively$5(NodeTestTask.java:143)
	at org.junit.platform.engine.support.hierarchical.ThrowableCollector.execute(ThrowableCollector.java:73)
	at org.junit.platform.engine.support.hierarchical.NodeTestTask.lambda$executeRecursively$7(NodeTestTask.java:129)
	at org.junit.platform.engine.support.hierarchical.Node.around(Node.java:137)
	at org.junit.platform.engine.support.hierarchical.NodeTestTask.lambda$executeRecursively$8(NodeTestTask.java:127)
	at org.junit.platform.engine.support.hierarchical.ThrowableCollector.execute(ThrowableCollector.java:73)
	at org.junit.platform.engine.support.hierarchical.NodeTestTask.executeRecursively(NodeTestTask.java:126)
	at org.junit.platform.engine.support.hierarchical.NodeTestTask.execute(NodeTestTask.java:84)
	at org.junit.platform.engine.support.hierarchical.SameThreadHierarchicalTestExecutorService.submit(SameThreadHierarchicalTestExecutorService.java:32)
	at org.junit.platform.engine.support.hierarchical.HierarchicalTestExecutor.execute(HierarchicalTestExecutor.java:57)
	at org.junit.platform.engine.support.hierarchical.HierarchicalTestEngine.execute(HierarchicalTestEngine.java:51)
	at org.junit.platform.launcher.core.EngineExecutionOrchestrator.execute(EngineExecutionOrchestrator.java:108)
	at org.junit.platform.launcher.core.EngineExecutionOrchestrator.execute(EngineExecutionOrchestrator.java:88)
	at org.junit.platform.launcher.core.EngineExecutionOrchestrator.lambda$execute$0(EngineExecutionOrchestrator.java:54)
	at org.junit.platform.launcher.core.EngineExecutionOrchestrator.withInterceptedStreams(EngineExecutionOrchestrator.java:67)
	at org.junit.platform.launcher.core.EngineExecutionOrchestrator.execute(EngineExecutionOrchestrator.java:52)
	at org.junit.platform.launcher.core.DefaultLauncher.execute(DefaultLauncher.java:96)
	at org.junit.platform.launcher.core.DefaultLauncher.execute(DefaultLauncher.java:75)
	at org.apache.maven.surefire.junitplatform.LazyLauncher.execute(LazyLauncher.java:55)
	at org.apache.maven.surefire.junitplatform.JUnitPlatformProvider.execute(JUnitPlatformProvider.java:223)
	at org.apache.maven.surefire.junitplatform.JUnitPlatformProvider.invokeAllTests(JUnitPlatformProvider.java:175)
	at org.apache.maven.surefire.junitplatform.JUnitPlatformProvider.invoke(JUnitPlatformProvider.java:139)
	at org.apache.maven.surefire.booter.ForkedBooter.runSuitesInProcess(ForkedBooter.java:456)
	at org.apache.maven.surefire.booter.ForkedBooter.execute(ForkedBooter.java:169)
	at org.apache.maven.surefire.booter.ForkedBooter.run(ForkedBooter.java:595)
	at org.apache.maven.surefire.booter.ForkedBooter.main(ForkedBooter.java:581)
]]></failure>
    <system-out><![CDATA[20:30:45.956 [main] INFO  com.intuit.karate.Runner - using system property 'karate.env': prod
20:30:46.769 [main] DEBUG com.intuit.karate.Suite - [config] classpath:karate-config.js
20:30:46.786 [main] DEBUG com.intuit.karate.Suite - waiting for 5 features to complete
20:30:48.189 [pool-2-thread-4] DEBUG com.intuit.karate - request:
1 > POST https://parabank.parasoft.com/parabank/services/bank/loan?amount=100&fromAccountId=13344&downPayment=500&customerId=12212
1 > Accept: application/json
1 > Host: parabank.parasoft.com
1 > Connection: Keep-Alive
1 > User-Agent: Apache-HttpClient/4.5.13 (Java/21.0.9)
1 > Accept-Encoding: gzip,deflate


20:30:48.189 [pool-2-thread-2] DEBUG com.intuit.karate - request:
1 > GET https://parabank.parasoft.com/parabank/services/bank/accounts/13344
1 > Accept: application/json
1 > Host: parabank.parasoft.com
1 > Connection: Keep-Alive
1 > User-Agent: Apache-HttpClient/4.5.13 (Java/21.0.9)
1 > Accept-Encoding: gzip,deflate


20:30:48.190 [pool-2-thread-5] DEBUG com.intuit.karate - request:
1 > GET https://parabank.parasoft.com/parabank/services/bank/login/john/demo
1 > Accept: application/json
1 > Host: parabank.parasoft.com
1 > Connection: Keep-Alive
1 > User-Agent: Apache-HttpClient/4.5.13 (Java/21.0.9)
1 > Accept-Encoding: gzip,deflate


20:30:48.189 [pool-2-thread-3] DEBUG com.intuit.karate - request:
1 > POST https://parabank.parasoft.com/parabank/services/bank/loan?amount=2033&fromAccountId=13344&downPayment=146&customerId=12212
1 > Accept: application/json
1 > Host: parabank.parasoft.com
1 > Connection: Keep-Alive
1 > User-Agent: Apache-HttpClient/4.5.13 (Java/21.0.9)
1 > Accept-Encoding: gzip,deflate


20:30:48.189 [pool-2-thread-1] DEBUG com.intuit.karate - request:
1 > GET https://parabank.parasoft.com/parabank/services/bank/customers/12212/accounts
1 > Accept: application/json
1 > Host: parabank.parasoft.com
1 > Connection: Keep-Alive
1 > User-Agent: Apache-HttpClient/4.5.13 (Java/21.0.9)
1 > Accept-Encoding: gzip,deflate


20:30:48.894 [pool-2-thread-4] DEBUG com.intuit.karate - response time in milliseconds: 703
1 < 404
1 < Date: Fri, 14 Nov 2025 01:30:48 GMT
1 < Content-Length: 0
1 < Connection: keep-alive
1 < Server: cloudflare
1 < allow: POST,GET,OPTIONS,HEAD
1 < cf-cache-status: DYNAMIC
1 < X-Content-Type-Options: nosniff
1 < CF-RAY: 99e2bee60c469cf8-MIA


20:30:48.895 [pool-2-thread-2] DEBUG com.intuit.karate - response time in milliseconds: 702
1 < 200
1 < Date: Fri, 14 Nov 2025 01:30:48 GMT
1 < Content-Type: application/json
1 < Transfer-Encoding: chunked
1 < Connection: keep-alive
1 < Server: cloudflare
1 < cf-cache-status: DYNAMIC
1 < X-Content-Type-Options: nosniff
1 < CF-RAY: 99e2bee5fe9890bf-MIA
{"id":13344,"customerId":12212,"type":"SAVINGS","balance":1231.10}

20:30:48.896 [pool-2-thread-3] DEBUG com.intuit.karate - response time in milliseconds: 705
1 < 404
1 < Date: Fri, 14 Nov 2025 01:30:48 GMT
1 < Content-Length: 0
1 < Connection: keep-alive
1 < Server: cloudflare
1 < allow: POST,GET,OPTIONS,HEAD
1 < cf-cache-status: DYNAMIC
1 < X-Content-Type-Options: nosniff
1 < CF-RAY: 99e2bee5fc4dd989-MIA


20:30:48.899 [pool-2-thread-1] DEBUG com.intuit.karate - response time in milliseconds: 708
1 < 200
1 < Date: Fri, 14 Nov 2025 01:30:48 GMT
1 < Content-Type: application/json
1 < Transfer-Encoding: chunked
1 < Connection: keep-alive
1 < Server: cloudflare
1 < cf-cache-status: DYNAMIC
1 < X-Content-Type-Options: nosniff
1 < CF-RAY: 99e2bee5ffbcd484-MIA
[{"id":12345,"customerId":12212,"type":"CHECKING","balance":-2249.00},{"id":12456,"customerId":12212,"type":"CHECKING","balance":-30.55},{"id":12567,"customerId":12212,"type":"CHECKING","balance":100.00},{"id":12678,"customerId":12212,"type":"SAVINGS","balance":-200.00},{"id":12789,"customerId":12212,"type":"CHECKING","balance":0.00},{"id":12900,"customerId":12212,"type":"CHECKING","balance":0.00},{"id":13011,"customerId":12212,"type":"CHECKING","balance":200.00},{"id":13122,"customerId":12212,"type":"CHECKING","balance":-2998900.00},{"id":13233,"customerId":12212,"type":"CHECKING","balance":0.00},{"id":13344,"customerId":12212,"type":"SAVINGS","balance":1231.10},{"id":14232,"customerId":12212,"type":"CHECKING","balance":190.00},{"id":54321,"customerId":12212,"type":"CHECKING","balance":1351.12}]

20:30:48.900 [pool-2-thread-4] ERROR com.intuit.karate - classpath:org/udea/parabank/loan.feature:32
Then status 400
status code was: 404, expected: 400, response time in milliseconds: 703, url: https://parabank.parasoft.com/parabank/services/bank/loan?amount=100&fromAccountId=13344&downPayment=500&customerId=12212, response: 

classpath:org/udea/parabank/loan.feature:32
20:30:48.900 [pool-2-thread-3] ERROR com.intuit.karate - classpath:org/udea/parabank/loan.feature:21
Then status 200
status code was: 404, expected: 200, response time in milliseconds: 705, url: https://parabank.parasoft.com/parabank/services/bank/loan?amount=2033&fromAccountId=13344&downPayment=146&customerId=12212, response: 

classpath:org/udea/parabank/loan.feature:21
20:30:48.901 [pool-2-thread-5] DEBUG com.intuit.karate - response time in milliseconds: 711
1 < 200
1 < Date: Fri, 14 Nov 2025 01:30:48 GMT
1 < Content-Type: application/json
1 < Transfer-Encoding: chunked
1 < Connection: keep-alive
1 < Server: cloudflare
1 < cf-cache-status: DYNAMIC
1 < X-Content-Type-Options: nosniff
1 < CF-RAY: 99e2bee5fa5e6db0-MIA
{"id":12212,"firstName":"John","lastName":"Smith","address":{"street":"1431 Main St","city":"Beverly Hills","state":"CA","zipCode":"90210"},"phoneNumber":"310-447-4121","ssn":"622-11-9999"}

20:30:48.918 [pool-2-thread-4] DEBUG com.intuit.karate - request:
1 > GET https://parabank.parasoft.com/parabank/services/bank/login/john/wrongpass
1 > Accept: application/json
1 > Host: parabank.parasoft.com
1 > Connection: Keep-Alive
1 > User-Agent: Apache-HttpClient/4.5.13 (Java/21.0.9)
1 > Accept-Encoding: gzip,deflate


20:30:48.959 [pool-2-thread-2] DEBUG com.intuit.karate - request:
1 > POST https://parabank.parasoft.com/parabank/services/bank/transfer?amount=54&fromAccountId=12456&toAccountId=12345
1 > Accept: application/json
1 > Host: parabank.parasoft.com
1 > Connection: Keep-Alive
1 > User-Agent: Apache-HttpClient/4.5.13 (Java/21.0.9)
1 > Accept-Encoding: gzip,deflate


20:30:48.960 [pool-2-thread-5] DEBUG com.intuit.karate - request:
1 > POST https://parabank.parasoft.com/parabank/services/bank/transfer?amount=-30&fromAccountId=12456&toAccountId=12345
1 > Accept: application/json
1 > Host: parabank.parasoft.com
1 > Connection: Keep-Alive
1 > User-Agent: Apache-HttpClient/4.5.13 (Java/21.0.9)
1 > Accept-Encoding: gzip,deflate


20:30:48.961 [pool-2-thread-1] DEBUG com.intuit.karate - request:
1 > POST https://parabank.parasoft.com/parabank/services/bank/transfer?amount=144&fromAccountId=57587&toAccountId=80375
1 > Accept: application/json
1 > Host: parabank.parasoft.com
1 > Connection: Keep-Alive
1 > User-Agent: Apache-HttpClient/4.5.13 (Java/21.0.9)
1 > Accept-Encoding: gzip,deflate


20:30:48.964 [pool-2-thread-3] DEBUG com.intuit.karate - request:
1 > POST https://parabank.parasoft.com/parabank/services/bank/billpay?accountId=13122&amount=1000000
1 > Accept: application/json
1 > Content-Type: application/json; charset=UTF-8
1 > Content-Length: 177
1 > Host: parabank.parasoft.com
1 > Connection: Keep-Alive
1 > User-Agent: Apache-HttpClient/4.5.13 (Java/21.0.9)
1 > Accept-Encoding: gzip,deflate
{"name":"Pago de prueba","address":{"street":"direccion de prueba","city":"Medellin","state":"Antioquia","zipCode":"5002"},"phoneNumber":"3333333333333","accountNumber":"13344"}

20:30:49.202 [pool-2-thread-2] DEBUG com.intuit.karate - response time in milliseconds: 243
1 < 200
1 < Date: Fri, 14 Nov 2025 01:30:49 GMT
1 < Content-Type: application/json
1 < Transfer-Encoding: chunked
1 < Connection: keep-alive
1 < Server: cloudflare
1 < cf-cache-status: DYNAMIC
1 < X-Content-Type-Options: nosniff
1 < CF-RAY: 99e2bee8cb2c7450-MIA
Successfully transferred $54 from account #12456 to account #12345

20:30:49.229 [pool-2-thread-5] DEBUG com.intuit.karate - response time in milliseconds: 268
1 < 200
1 < Date: Fri, 14 Nov 2025 01:30:49 GMT
1 < Content-Type: application/json
1 < Transfer-Encoding: chunked
1 < Connection: keep-alive
1 < Server: cloudflare
1 < cf-cache-status: DYNAMIC
1 < X-Content-Type-Options: nosniff
1 < CF-RAY: 99e2bee8ecd12597-MIA
Successfully transferred $-30 from account #12456 to account #12345

20:30:49.260 [pool-2-thread-1] DEBUG com.intuit.karate - response time in milliseconds: 299
1 < 400
1 < Date: Fri, 14 Nov 2025 01:30:49 GMT
1 < Content-Type: text/plain;charset=UTF-8
1 < Content-Length: 48
1 < Connection: keep-alive
1 < Server: cloudflare
1 < cf-cache-status: DYNAMIC
1 < X-Content-Type-Options: nosniff
1 < CF-RAY: 99e2bee918cce9f4-MIA
Could not find account number 57587 and/or 80375

20:30:49.278 [pool-2-thread-3] DEBUG com.intuit.karate - response time in milliseconds: 313
1 < 200
1 < Date: Fri, 14 Nov 2025 01:30:49 GMT
1 < Content-Type: application/json
1 < Transfer-Encoding: chunked
1 < Connection: keep-alive
1 < Server: cloudflare
1 < cf-cache-status: DYNAMIC
1 < X-Content-Type-Options: nosniff
1 < CF-RAY: 99e2bee92a6f5022-MIA
{"payeeName":"Pago de prueba","amount":1000000,"accountId":13122}

20:30:49.283 [pool-2-thread-3] ERROR com.intuit.karate - classpath:org/udea/parabank/paymentFailed.feature:29
Then assert responseStatus == 400 || responseStatus == 422
did not evaluate to 'true': responseStatus == 400 || responseStatus == 422
classpath:org/udea/parabank/paymentFailed.feature:29
20:30:49.339 [pool-2-thread-4] DEBUG com.intuit.karate - response time in milliseconds: 420
1 < 400
1 < Date: Fri, 14 Nov 2025 01:30:49 GMT
1 < Content-Type: text/plain;charset=UTF-8
1 < Content-Length: 32
1 < Connection: keep-alive
1 < Server: cloudflare
1 < cf-cache-status: DYNAMIC
1 < X-Content-Type-Options: nosniff
1 < CF-RAY: 99e2bee8abee0944-MIA
Invalid username and/or password

---------------------------------------------------------
feature: classpath:org/udea/parabank/accounts.feature
scenarios:  2 | passed:  2 | failed:  0 | time: 2,0191
---------------------------------------------------------

20:30:49.669 [pool-3-thread-1] INFO  com.intuit.karate.Suite - <<pass>> feature 1 of 5 (4 remaining) classpath:org/udea/parabank/accounts.feature
---------------------------------------------------------
feature: classpath:org/udea/parabank/loan.feature
scenarios:  2 | passed:  0 | failed:  2 | time: 1,9323
---------------------------------------------------------

20:30:49.846 [pool-3-thread-1] INFO  com.intuit.karate.Suite - <<fail>> feature 2 of 5 (3 remaining) classpath:org/udea/parabank/loan.feature
---------------------------------------------------------
feature: classpath:org/udea/parabank/login.feature
scenarios:  2 | passed:  2 | failed:  0 | time: 1,4351
---------------------------------------------------------

20:30:49.920 [pool-3-thread-1] INFO  com.intuit.karate.Suite - <<pass>> feature 3 of 5 (2 remaining) classpath:org/udea/parabank/login.feature
---------------------------------------------------------
feature: classpath:org/udea/parabank/paymentFailed.feature
scenarios:  1 | passed:  0 | failed:  1 | time: 0,3700
---------------------------------------------------------

20:30:49.981 [pool-3-thread-1] INFO  com.intuit.karate.Suite - <<fail>> feature 4 of 5 (1 remaining) classpath:org/udea/parabank/paymentFailed.feature
---------------------------------------------------------
feature: classpath:org/udea/parabank/transfer.feature
scenarios:  3 | passed:  3 | failed:  0 | time: 0,8527
---------------------------------------------------------

20:30:50.130 [pool-3-thread-1] INFO  com.intuit.karate.Suite - <<pass>> feature 5 of 5 (0 remaining) classpath:org/udea/parabank/transfer.feature
Karate version: 1.3.1 | env: prod
======================================================
elapsed:   4,18 | threads:    5 | thread time: 6,61 
features:     5 | skipped:    0 | efficiency: 0,32
scenarios:   10 | passed:     7 | failed: 3
======================================================
>>> failed features:
status code was: 404, expected: 200, response time in milliseconds: 705, url: https://parabank.parasoft.com/parabank/services/bank/loan?amount=2033&fromAccountId=13344&downPayment=146&customerId=12212, response: 

classpath:org/udea/parabank/loan.feature:21
status code was: 404, expected: 400, response time in milliseconds: 703, url: https://parabank.parasoft.com/parabank/services/bank/loan?amount=100&fromAccountId=13344&downPayment=500&customerId=12212, response: 

classpath:org/udea/parabank/loan.feature:32
did not evaluate to 'true': responseStatus == 400 || responseStatus == 422
classpath:org/udea/parabank/paymentFailed.feature:29
<<<

HTML report: (paste into browser to view) | Karate version: 1.3.1 | env: prod
file:///home/jonathangr/Documentos/SEMESTRE%20(9)%202025-2/PRUEBAS%20DE%20SOFTWARE/test-services/UDEA_KaratePS/target/karate-reports/karate-summary.html
===================================================================

]]></system-out>
    <system-err><![CDATA[nov 13, 2025 8:30:50 P. M. net.masterthought.cucumber.ReportParser parseJsonFiles
INFORMACIÓN: File '/home/jonathangr/Documentos/SEMESTRE (9) 2025-2/PRUEBAS DE SOFTWARE/test-services/UDEA_KaratePS/target/karate-reports/org.udea.parabank.accounts.json' contains 1 feature(s)
nov 13, 2025 8:30:50 P. M. net.masterthought.cucumber.ReportParser parseJsonFiles
INFORMACIÓN: File '/home/jonathangr/Documentos/SEMESTRE (9) 2025-2/PRUEBAS DE SOFTWARE/test-services/UDEA_KaratePS/target/karate-reports/org.udea.parabank.loan.json' contains 1 feature(s)
nov 13, 2025 8:30:50 P. M. net.masterthought.cucumber.ReportParser parseJsonFiles
INFORMACIÓN: File '/home/jonathangr/Documentos/SEMESTRE (9) 2025-2/PRUEBAS DE SOFTWARE/test-services/UDEA_KaratePS/target/karate-reports/org.udea.parabank.login.json' contains 1 feature(s)
nov 13, 2025 8:30:50 P. M. net.masterthought.cucumber.ReportParser parseJsonFiles
INFORMACIÓN: File '/home/jonathangr/Documentos/SEMESTRE (9) 2025-2/PRUEBAS DE SOFTWARE/test-services/UDEA_KaratePS/target/karate-reports/org.udea.parabank.paymentFailed.json' contains 1 feature(s)
nov 13, 2025 8:30:50 P. M. net.masterthought.cucumber.ReportParser parseJsonFiles
INFORMACIÓN: File '/home/jonathangr/Documentos/SEMESTRE (9) 2025-2/PRUEBAS DE SOFTWARE/test-services/UDEA_KaratePS/target/karate-reports/org.udea.parabank.transfer.json' contains 1 feature(s)
]]></system-err>
  </testcase>
</testsuite>