<?xml version="1.0" encoding="UTF-8"?>
<testsuite xmlns:xsi="http://www.w3.org/2001/XMLSchema-instance" xsi:noNamespaceSchemaLocation="https://maven.apache.org/surefire/maven-surefire-plugin/xsd/surefire-test-report-3.0.xsd" version="3.0" name="org.udea.parabank.TestRunner" time="11.874" tests="6" errors="0" skipped="0" failures="2">
  <properties>
[...]
</properties>
  <testcase name="[1:8] Retrieve all accounts for a valid customer" classname="org/udea/parabank/accounts" time="3.845">
    <system-out><![CDATA[10:48:49.701 [main] DEBUG com.intuit.karate.Suite - [config] classpath:karate-config.js
10:48:51.603 [main] DEBUG com.intuit.karate - request:
1 > GET http://parabank.parasoft.com/parabank/services/bank/customers/12212/accounts
1 > Accept: application/json
1 > Host: parabank.parasoft.com
1 > Connection: Keep-Alive
1 > User-Agent: Apache-HttpClient/4.5.13 (Java/17.0.16)
1 > Accept-Encoding: gzip,deflate


10:48:52.295 [main] DEBUG com.intuit.karate - request:
2 > GET http://parabank.parasoft.com/parabank/services/bank/customers/12212/accounts
2 > Accept: application/json
2 > Host: parabank.parasoft.com
2 > Connection: Keep-Alive
2 > User-Agent: Apache-HttpClient/4.5.13 (Java/17.0.16)
2 > Accept-Encoding: gzip,deflate


10:48:53.491 [main] DEBUG com.intuit.karate - response time in milliseconds: 1194
2 < 200
2 < Date: Tue, 28 Oct 2025 15:48:55 GMT
2 < Content-Type: application/json
2 < Transfer-Encoding: chunked
2 < Connection: keep-alive
2 < Server: cloudflare
2 < cf-cache-status: DYNAMIC
2 < X-Content-Type-Options: nosniff
2 < CF-RAY: 995b9481decfc19e-EZE
[{"id":12345,"customerId":12212,"type":"CHECKING","balance":-2300.00},{"id":12456,"customerId":12212,"type":"CHECKING","balance":10.45},{"id":12567,"customerId":12212,"type":"CHECKING","balance":100.00},{"id":12678,"customerId":12212,"type":"SAVINGS","balance":-100.00},{"id":12789,"customerId":12212,"type":"CHECKING","balance":100.00},{"id":12900,"customerId":12212,"type":"CHECKING","balance":0.00},{"id":13011,"customerId":12212,"type":"CHECKING","balance":100.00},{"id":13122,"customerId":12212,"type":"CHECKING","balance":1100.00},{"id":13233,"customerId":12212,"type":"CHECKING","balance":100.00},{"id":13344,"customerId":12212,"type":"SAVINGS","balance":1231.10},{"id":54321,"customerId":12212,"type":"CHECKING","balance":1351.12}]

]]></system-out>
  </testcase>
  <testcase name="[2:17] Retrieve details of a specific account" classname="org/udea/parabank/accounts" time="2.211">
    <system-out><![CDATA[10:48:53.616 [main] DEBUG com.intuit.karate - request:
1 > GET http://parabank.parasoft.com/parabank/services/bank/accounts/13344
1 > Accept: application/json
1 > Host: parabank.parasoft.com
1 > Connection: Keep-Alive
1 > User-Agent: Apache-HttpClient/4.5.13 (Java/17.0.16)
1 > Accept-Encoding: gzip,deflate


10:48:54.083 [main] DEBUG com.intuit.karate - request:
2 > GET http://parabank.parasoft.com/parabank/services/bank/accounts/13344
2 > Accept: application/json
2 > Host: parabank.parasoft.com
2 > Connection: Keep-Alive
2 > User-Agent: Apache-HttpClient/4.5.13 (Java/17.0.16)
2 > Accept-Encoding: gzip,deflate


10:48:54.706 [main] DEBUG com.intuit.karate - response time in milliseconds: 623
2 < 200
2 < Date: Tue, 28 Oct 2025 15:48:56 GMT
2 < Content-Type: application/json
2 < Transfer-Encoding: chunked
2 < Connection: keep-alive
2 < Server: cloudflare
2 < cf-cache-status: DYNAMIC
2 < X-Content-Type-Options: nosniff
2 < CF-RAY: 995b948bcc98a77c-EZE
{"id":13344,"customerId":12212,"type":"SAVINGS","balance":1231.10}

---------------------------------------------------------
feature: classpath:org/udea/parabank/accounts.feature
scenarios:  2 | passed:  2 | failed:  0 | time: 3,4582
---------------------------------------------------------

Karate version: 1.3.1
======================================================
elapsed:   6,24 | threads:    1 | thread time: 3,46 
features:     1 | skipped:    0 | efficiency: 0,55
scenarios:    2 | passed:     2 | failed: 0
======================================================

HTML report: (paste into browser to view) | Karate version: 1.3.1
file:///C:/Users/famil/Documents/Udea/Codigos,%20archivos,etc/Pruebas%20de%20software/UDEA_KaratePS/target/karate-reports/karate-summary.html
===================================================================

]]></system-out>
  </testcase>
  <testcase name="[1:13] Successful loan request" classname="org/udea/parabank/loan" time="1.159">
    <failure message="status code was: 404, expected: 200, response time in milliseconds: 606, url: http://parabank.parasoft.com/parabank/services/bank/loan?amount=5153&amp;fromAccountId=13344&amp;downPayment=176&amp;customerId=12212, response: &#10;&#10;classpath:org/udea/parabank/loan.feature:20" type="org.opentest4j.AssertionFailedError"><![CDATA[org.opentest4j.AssertionFailedError: 
status code was: 404, expected: 200, response time in milliseconds: 606, url: http://parabank.parasoft.com/parabank/services/bank/loan?amount=5153&fromAccountId=13344&downPayment=176&customerId=12212, response: 

classpath:org/udea/parabank/loan.feature:20
	at org.junit.jupiter.api.AssertionUtils.fail(AssertionUtils.java:39)
	at org.junit.jupiter.api.Assertions.fail(Assertions.java:117)
	at com.intuit.karate.junit5.FeatureNode.lambda$next$1(FeatureNode.java:86)
	at org.junit.jupiter.engine.descriptor.DynamicTestTestDescriptor.lambda$execute$0(DynamicTestTestDescriptor.java:52)
	at org.junit.jupiter.engine.execution.InvocationInterceptorChain$ValidatingInvocation.proceed(InvocationInterceptorChain.java:131)
	at org.junit.jupiter.api.extension.InvocationInterceptor.interceptDynamicTest(InvocationInterceptor.java:161)
	at org.junit.jupiter.engine.descriptor.DynamicTestTestDescriptor.lambda$execute$1(DynamicTestTestDescriptor.java:58)
	at org.junit.jupiter.engine.execution.InvocationInterceptorChain$InterceptorCall.lambda$ofVoid$0(InvocationInterceptorChain.java:78)
	at org.junit.jupiter.engine.execution.InvocationInterceptorChain$InterceptedInvocation.proceed(InvocationInterceptorChain.java:106)
	at org.junit.jupiter.engine.execution.InvocationInterceptorChain.proceed(InvocationInterceptorChain.java:64)
	at org.junit.jupiter.engine.execution.InvocationInterceptorChain.chainAndInvoke(InvocationInterceptorChain.java:45)
	at org.junit.jupiter.engine.execution.InvocationInterceptorChain.invoke(InvocationInterceptorChain.java:37)
	at org.junit.jupiter.engine.descriptor.DynamicTestTestDescriptor.execute(DynamicTestTestDescriptor.java:57)
	at org.junit.jupiter.engine.descriptor.DynamicTestTestDescriptor.execute(DynamicTestTestDescriptor.java:31)
	at org.junit.platform.engine.support.hierarchical.NodeTestTask.lambda$executeRecursively$5(NodeTestTask.java:139)
	at org.junit.platform.engine.support.hierarchical.ThrowableCollector.execute(ThrowableCollector.java:73)
	at org.junit.platform.engine.support.hierarchical.NodeTestTask.lambda$executeRecursively$7(NodeTestTask.java:129)
	at org.junit.platform.engine.support.hierarchical.Node.around(Node.java:137)
	at org.junit.platform.engine.support.hierarchical.NodeTestTask.lambda$executeRecursively$8(NodeTestTask.java:127)
	at org.junit.platform.engine.support.hierarchical.ThrowableCollector.execute(ThrowableCollector.java:73)
	at org.junit.platform.engine.support.hierarchical.NodeTestTask.executeRecursively(NodeTestTask.java:126)
	at org.junit.platform.engine.support.hierarchical.NodeTestTask.execute(NodeTestTask.java:84)
	at org.junit.platform.engine.support.hierarchical.SameThreadHierarchicalTestExecutorService.submit(SameThreadHierarchicalTestExecutorService.java:32)
	at org.junit.platform.engine.support.hierarchical.NodeTestTask$DefaultDynamicTestExecutor.execute(NodeTestTask.java:212)
	at org.junit.platform.engine.support.hierarchical.NodeTestTask$DefaultDynamicTestExecutor.execute(NodeTestTask.java:192)
	at java.base/java.util.stream.ForEachOps$ForEachOp$OfRef.accept(ForEachOps.java:183)
	at java.base/java.util.stream.ReferencePipeline$3$1.accept(ReferencePipeline.java:197)
	at java.base/java.util.stream.ReferencePipeline$2$1.accept(ReferencePipeline.java:179)
	at java.base/java.util.stream.ReferencePipeline$3$1.accept(ReferencePipeline.java:197)
	at java.base/java.util.stream.ReferencePipeline$15$1.accept(ReferencePipeline.java:541)
	at java.base/java.util.Iterator.forEachRemaining(Iterator.java:133)
	at java.base/java.util.Spliterators$IteratorSpliterator.forEachRemaining(Spliterators.java:1845)
	at java.base/java.util.stream.AbstractPipeline.copyInto(AbstractPipeline.java:509)
	at java.base/java.util.stream.AbstractPipeline.wrapAndCopyInto(AbstractPipeline.java:499)
	at java.base/java.util.stream.ForEachOps$ForEachOp.evaluateSequential(ForEachOps.java:150)
	at java.base/java.util.stream.ForEachOps$ForEachOp$OfRef.evaluateSequential(ForEachOps.java:173)
	at java.base/java.util.stream.AbstractPipeline.evaluate(AbstractPipeline.java:234)
	at java.base/java.util.stream.ReferencePipeline.forEachOrdered(ReferencePipeline.java:601)
	at org.junit.jupiter.engine.descriptor.DynamicContainerTestDescriptor.execute(DynamicContainerTestDescriptor.java:65)
	at org.junit.jupiter.engine.descriptor.DynamicContainerTestDescriptor.execute(DynamicContainerTestDescriptor.java:33)
	at org.junit.platform.engine.support.hierarchical.NodeTestTask.lambda$executeRecursively$5(NodeTestTask.java:139)
	at org.junit.platform.engine.support.hierarchical.ThrowableCollector.execute(ThrowableCollector.java:73)
	at org.junit.platform.engine.support.hierarchical.NodeTestTask.lambda$executeRecursively$7(NodeTestTask.java:129)
	at org.junit.platform.engine.support.hierarchical.Node.around(Node.java:137)
	at org.junit.platform.engine.support.hierarchical.NodeTestTask.lambda$executeRecursively$8(NodeTestTask.java:127)
	at org.junit.platform.engine.support.hierarchical.ThrowableCollector.execute(ThrowableCollector.java:73)
	at org.junit.platform.engine.support.hierarchical.NodeTestTask.executeRecursively(NodeTestTask.java:126)
	at org.junit.platform.engine.support.hierarchical.NodeTestTask.execute(NodeTestTask.java:84)
	at org.junit.platform.engine.support.hierarchical.SameThreadHierarchicalTestExecutorService.submit(SameThreadHierarchicalTestExecutorService.java:32)
	at org.junit.platform.engine.support.hierarchical.NodeTestTask$DefaultDynamicTestExecutor.execute(NodeTestTask.java:212)
	at org.junit.platform.engine.support.hierarchical.NodeTestTask$DefaultDynamicTestExecutor.execute(NodeTestTask.java:192)
	at java.base/java.util.Optional.ifPresent(Optional.java:178)
	at org.junit.jupiter.engine.descriptor.TestFactoryTestDescriptor.lambda$invokeTestMethod$1(TestFactoryTestDescriptor.java:106)
	at org.junit.platform.engine.support.hierarchical.ThrowableCollector.execute(ThrowableCollector.java:73)
	at org.junit.jupiter.engine.descriptor.TestFactoryTestDescriptor.invokeTestMethod(TestFactoryTestDescriptor.java:93)
	at org.junit.jupiter.engine.descriptor.TestMethodTestDescriptor.execute(TestMethodTestDescriptor.java:131)
	at org.junit.jupiter.engine.descriptor.TestMethodTestDescriptor.execute(TestMethodTestDescriptor.java:65)
	at org.junit.platform.engine.support.hierarchical.NodeTestTask.lambda$executeRecursively$5(NodeTestTask.java:139)
	at org.junit.platform.engine.support.hierarchical.ThrowableCollector.execute(ThrowableCollector.java:73)
	at org.junit.platform.engine.support.hierarchical.NodeTestTask.lambda$executeRecursively$7(NodeTestTask.java:129)
	at org.junit.platform.engine.support.hierarchical.Node.around(Node.java:137)
	at org.junit.platform.engine.support.hierarchical.NodeTestTask.lambda$executeRecursively$8(NodeTestTask.java:127)
	at org.junit.platform.engine.support.hierarchical.ThrowableCollector.execute(ThrowableCollector.java:73)
	at org.junit.platform.engine.support.hierarchical.NodeTestTask.executeRecursively(NodeTestTask.java:126)
	at org.junit.platform.engine.support.hierarchical.NodeTestTask.execute(NodeTestTask.java:84)
	at java.base/java.util.ArrayList.forEach(ArrayList.java:1511)
	at org.junit.platform.engine.support.hierarchical.SameThreadHierarchicalTestExecutorService.invokeAll(SameThreadHierarchicalTestExecutorService.java:38)
	at org.junit.platform.engine.support.hierarchical.NodeTestTask.lambda$executeRecursively$5(NodeTestTask.java:143)
	at org.junit.platform.engine.support.hierarchical.ThrowableCollector.execute(ThrowableCollector.java:73)
	at org.junit.platform.engine.support.hierarchical.NodeTestTask.lambda$executeRecursively$7(NodeTestTask.java:129)
	at org.junit.platform.engine.support.hierarchical.Node.around(Node.java:137)
	at org.junit.platform.engine.support.hierarchical.NodeTestTask.lambda$executeRecursively$8(NodeTestTask.java:127)
	at org.junit.platform.engine.support.hierarchical.ThrowableCollector.execute(ThrowableCollector.java:73)
	at org.junit.platform.engine.support.hierarchical.NodeTestTask.executeRecursively(NodeTestTask.java:126)
	at org.junit.platform.engine.support.hierarchical.NodeTestTask.execute(NodeTestTask.java:84)
	at java.base/java.util.ArrayList.forEach(ArrayList.java:1511)
	at org.junit.platform.engine.support.hierarchical.SameThreadHierarchicalTestExecutorService.invokeAll(SameThreadHierarchicalTestExecutorService.java:38)
	at org.junit.platform.engine.support.hierarchical.NodeTestTask.lambda$executeRecursively$5(NodeTestTask.java:143)
	at org.junit.platform.engine.support.hierarchical.ThrowableCollector.execute(ThrowableCollector.java:73)
	at org.junit.platform.engine.support.hierarchical.NodeTestTask.lambda$executeRecursively$7(NodeTestTask.java:129)
	at org.junit.platform.engine.support.hierarchical.Node.around(Node.java:137)
	at org.junit.platform.engine.support.hierarchical.NodeTestTask.lambda$executeRecursively$8(NodeTestTask.java:127)
	at org.junit.platform.engine.support.hierarchical.ThrowableCollector.execute(ThrowableCollector.java:73)
	at org.junit.platform.engine.support.hierarchical.NodeTestTask.executeRecursively(NodeTestTask.java:126)
	at org.junit.platform.engine.support.hierarchical.NodeTestTask.execute(NodeTestTask.java:84)
	at org.junit.platform.engine.support.hierarchical.SameThreadHierarchicalTestExecutorService.submit(SameThreadHierarchicalTestExecutorService.java:32)
	at org.junit.platform.engine.support.hierarchical.HierarchicalTestExecutor.execute(HierarchicalTestExecutor.java:57)
	at org.junit.platform.engine.support.hierarchical.HierarchicalTestEngine.execute(HierarchicalTestEngine.java:51)
	at org.junit.platform.launcher.core.EngineExecutionOrchestrator.execute(EngineExecutionOrchestrator.java:108)
	at org.junit.platform.launcher.core.EngineExecutionOrchestrator.execute(EngineExecutionOrchestrator.java:88)
	at org.junit.platform.launcher.core.EngineExecutionOrchestrator.lambda$execute$0(EngineExecutionOrchestrator.java:54)
	at org.junit.platform.launcher.core.EngineExecutionOrchestrator.withInterceptedStreams(EngineExecutionOrchestrator.java:67)
	at org.junit.platform.launcher.core.EngineExecutionOrchestrator.execute(EngineExecutionOrchestrator.java:52)
	at org.junit.platform.launcher.core.DefaultLauncher.execute(DefaultLauncher.java:96)
	at org.junit.platform.launcher.core.DefaultLauncher.execute(DefaultLauncher.java:75)
	at org.apache.maven.surefire.junitplatform.LazyLauncher.execute(LazyLauncher.java:55)
	at org.apache.maven.surefire.junitplatform.JUnitPlatformProvider.execute(JUnitPlatformProvider.java:223)
	at org.apache.maven.surefire.junitplatform.JUnitPlatformProvider.invokeAllTests(JUnitPlatformProvider.java:175)
	at org.apache.maven.surefire.junitplatform.JUnitPlatformProvider.invoke(JUnitPlatformProvider.java:139)
	at org.apache.maven.surefire.booter.ForkedBooter.runSuitesInProcess(ForkedBooter.java:456)
	at org.apache.maven.surefire.booter.ForkedBooter.execute(ForkedBooter.java:169)
	at org.apache.maven.surefire.booter.ForkedBooter.run(ForkedBooter.java:595)
	at org.apache.maven.surefire.booter.ForkedBooter.main(ForkedBooter.java:581)
]]></failure>
    <system-out><![CDATA[10:48:55.818 [main] DEBUG com.intuit.karate.Suite - [config] classpath:karate-config.js
10:48:55.890 [main] DEBUG com.intuit.karate - request:
1 > GET http://parabank.parasoft.com/parabank/services/bank/loan?amount=5153&fromAccountId=13344&downPayment=176&customerId=12212
1 > Accept: application/json
1 > Host: parabank.parasoft.com
1 > Connection: Keep-Alive
1 > User-Agent: Apache-HttpClient/4.5.13 (Java/17.0.16)
1 > Accept-Encoding: gzip,deflate


10:48:56.365 [main] DEBUG com.intuit.karate - request:
2 > GET http://parabank.parasoft.com/parabank/services/bank/loan?amount=5153&fromAccountId=13344&downPayment=176&customerId=12212
2 > Accept: application/json
2 > Host: parabank.parasoft.com
2 > Connection: Keep-Alive
2 > User-Agent: Apache-HttpClient/4.5.13 (Java/17.0.16)
2 > Accept-Encoding: gzip,deflate


10:48:56.972 [main] DEBUG com.intuit.karate - response time in milliseconds: 606
2 < 404
2 < Date: Tue, 28 Oct 2025 15:48:58 GMT
2 < Content-Length: 0
2 < Connection: keep-alive
2 < Server: cloudflare
2 < allow: POST,GET,OPTIONS,HEAD
2 < cf-cache-status: DYNAMIC
2 < X-Content-Type-Options: nosniff
2 < CF-RAY: 995b9499fd32a789-EZE


10:48:56.974 [main] ERROR com.intuit.karate - classpath:org/udea/parabank/loan.feature:20
Then status 200
status code was: 404, expected: 200, response time in milliseconds: 606, url: http://parabank.parasoft.com/parabank/services/bank/loan?amount=5153&fromAccountId=13344&downPayment=176&customerId=12212, response: 

classpath:org/udea/parabank/loan.feature:20
]]></system-out>
  </testcase>
  <testcase name="[2:24] Loan request fails when downPayment exceeds amount" classname="org/udea/parabank/loan" time="1.258">
    <failure message="status code was: 404, expected: 400, response time in milliseconds: 607, url: http://parabank.parasoft.com/parabank/services/bank/loan?amount=100&amp;fromAccountId=13344&amp;downPayment=500&amp;customerId=12212, response: &#10;&#10;classpath:org/udea/parabank/loan.feature:31" type="org.opentest4j.AssertionFailedError"><![CDATA[org.opentest4j.AssertionFailedError: 
status code was: 404, expected: 400, response time in milliseconds: 607, url: http://parabank.parasoft.com/parabank/services/bank/loan?amount=100&fromAccountId=13344&downPayment=500&customerId=12212, response: 

classpath:org/udea/parabank/loan.feature:31
	at org.junit.jupiter.api.AssertionUtils.fail(AssertionUtils.java:39)
	at org.junit.jupiter.api.Assertions.fail(Assertions.java:117)
	at com.intuit.karate.junit5.FeatureNode.lambda$next$1(FeatureNode.java:86)
	at org.junit.jupiter.engine.descriptor.DynamicTestTestDescriptor.lambda$execute$0(DynamicTestTestDescriptor.java:52)
	at org.junit.jupiter.engine.execution.InvocationInterceptorChain$ValidatingInvocation.proceed(InvocationInterceptorChain.java:131)
	at org.junit.jupiter.api.extension.InvocationInterceptor.interceptDynamicTest(InvocationInterceptor.java:161)
	at org.junit.jupiter.engine.descriptor.DynamicTestTestDescriptor.lambda$execute$1(DynamicTestTestDescriptor.java:58)
	at org.junit.jupiter.engine.execution.InvocationInterceptorChain$InterceptorCall.lambda$ofVoid$0(InvocationInterceptorChain.java:78)
	at org.junit.jupiter.engine.execution.InvocationInterceptorChain$InterceptedInvocation.proceed(InvocationInterceptorChain.java:106)
	at org.junit.jupiter.engine.execution.InvocationInterceptorChain.proceed(InvocationInterceptorChain.java:64)
	at org.junit.jupiter.engine.execution.InvocationInterceptorChain.chainAndInvoke(InvocationInterceptorChain.java:45)
	at org.junit.jupiter.engine.execution.InvocationInterceptorChain.invoke(InvocationInterceptorChain.java:37)
	at org.junit.jupiter.engine.descriptor.DynamicTestTestDescriptor.execute(DynamicTestTestDescriptor.java:57)
	at org.junit.jupiter.engine.descriptor.DynamicTestTestDescriptor.execute(DynamicTestTestDescriptor.java:31)
	at org.junit.platform.engine.support.hierarchical.NodeTestTask.lambda$executeRecursively$5(NodeTestTask.java:139)
	at org.junit.platform.engine.support.hierarchical.ThrowableCollector.execute(ThrowableCollector.java:73)
	at org.junit.platform.engine.support.hierarchical.NodeTestTask.lambda$executeRecursively$7(NodeTestTask.java:129)
	at org.junit.platform.engine.support.hierarchical.Node.around(Node.java:137)
	at org.junit.platform.engine.support.hierarchical.NodeTestTask.lambda$executeRecursively$8(NodeTestTask.java:127)
	at org.junit.platform.engine.support.hierarchical.ThrowableCollector.execute(ThrowableCollector.java:73)
	at org.junit.platform.engine.support.hierarchical.NodeTestTask.executeRecursively(NodeTestTask.java:126)
	at org.junit.platform.engine.support.hierarchical.NodeTestTask.execute(NodeTestTask.java:84)
	at org.junit.platform.engine.support.hierarchical.SameThreadHierarchicalTestExecutorService.submit(SameThreadHierarchicalTestExecutorService.java:32)
	at org.junit.platform.engine.support.hierarchical.NodeTestTask$DefaultDynamicTestExecutor.execute(NodeTestTask.java:212)
	at org.junit.platform.engine.support.hierarchical.NodeTestTask$DefaultDynamicTestExecutor.execute(NodeTestTask.java:192)
	at java.base/java.util.stream.ForEachOps$ForEachOp$OfRef.accept(ForEachOps.java:183)
	at java.base/java.util.stream.ReferencePipeline$3$1.accept(ReferencePipeline.java:197)
	at java.base/java.util.stream.ReferencePipeline$2$1.accept(ReferencePipeline.java:179)
	at java.base/java.util.stream.ReferencePipeline$3$1.accept(ReferencePipeline.java:197)
	at java.base/java.util.stream.ReferencePipeline$15$1.accept(ReferencePipeline.java:541)
	at java.base/java.util.Iterator.forEachRemaining(Iterator.java:133)
	at java.base/java.util.Spliterators$IteratorSpliterator.forEachRemaining(Spliterators.java:1845)
	at java.base/java.util.stream.AbstractPipeline.copyInto(AbstractPipeline.java:509)
	at java.base/java.util.stream.AbstractPipeline.wrapAndCopyInto(AbstractPipeline.java:499)
	at java.base/java.util.stream.ForEachOps$ForEachOp.evaluateSequential(ForEachOps.java:150)
	at java.base/java.util.stream.ForEachOps$ForEachOp$OfRef.evaluateSequential(ForEachOps.java:173)
	at java.base/java.util.stream.AbstractPipeline.evaluate(AbstractPipeline.java:234)
	at java.base/java.util.stream.ReferencePipeline.forEachOrdered(ReferencePipeline.java:601)
	at org.junit.jupiter.engine.descriptor.DynamicContainerTestDescriptor.execute(DynamicContainerTestDescriptor.java:65)
	at org.junit.jupiter.engine.descriptor.DynamicContainerTestDescriptor.execute(DynamicContainerTestDescriptor.java:33)
	at org.junit.platform.engine.support.hierarchical.NodeTestTask.lambda$executeRecursively$5(NodeTestTask.java:139)
	at org.junit.platform.engine.support.hierarchical.ThrowableCollector.execute(ThrowableCollector.java:73)
	at org.junit.platform.engine.support.hierarchical.NodeTestTask.lambda$executeRecursively$7(NodeTestTask.java:129)
	at org.junit.platform.engine.support.hierarchical.Node.around(Node.java:137)
	at org.junit.platform.engine.support.hierarchical.NodeTestTask.lambda$executeRecursively$8(NodeTestTask.java:127)
	at org.junit.platform.engine.support.hierarchical.ThrowableCollector.execute(ThrowableCollector.java:73)
	at org.junit.platform.engine.support.hierarchical.NodeTestTask.executeRecursively(NodeTestTask.java:126)
	at org.junit.platform.engine.support.hierarchical.NodeTestTask.execute(NodeTestTask.java:84)
	at org.junit.platform.engine.support.hierarchical.SameThreadHierarchicalTestExecutorService.submit(SameThreadHierarchicalTestExecutorService.java:32)
	at org.junit.platform.engine.support.hierarchical.NodeTestTask$DefaultDynamicTestExecutor.execute(NodeTestTask.java:212)
	at org.junit.platform.engine.support.hierarchical.NodeTestTask$DefaultDynamicTestExecutor.execute(NodeTestTask.java:192)
	at java.base/java.util.Optional.ifPresent(Optional.java:178)
	at org.junit.jupiter.engine.descriptor.TestFactoryTestDescriptor.lambda$invokeTestMethod$1(TestFactoryTestDescriptor.java:106)
	at org.junit.platform.engine.support.hierarchical.ThrowableCollector.execute(ThrowableCollector.java:73)
	at org.junit.jupiter.engine.descriptor.TestFactoryTestDescriptor.invokeTestMethod(TestFactoryTestDescriptor.java:93)
	at org.junit.jupiter.engine.descriptor.TestMethodTestDescriptor.execute(TestMethodTestDescriptor.java:131)
	at org.junit.jupiter.engine.descriptor.TestMethodTestDescriptor.execute(TestMethodTestDescriptor.java:65)
	at org.junit.platform.engine.support.hierarchical.NodeTestTask.lambda$executeRecursively$5(NodeTestTask.java:139)
	at org.junit.platform.engine.support.hierarchical.ThrowableCollector.execute(ThrowableCollector.java:73)
	at org.junit.platform.engine.support.hierarchical.NodeTestTask.lambda$executeRecursively$7(NodeTestTask.java:129)
	at org.junit.platform.engine.support.hierarchical.Node.around(Node.java:137)
	at org.junit.platform.engine.support.hierarchical.NodeTestTask.lambda$executeRecursively$8(NodeTestTask.java:127)
	at org.junit.platform.engine.support.hierarchical.ThrowableCollector.execute(ThrowableCollector.java:73)
	at org.junit.platform.engine.support.hierarchical.NodeTestTask.executeRecursively(NodeTestTask.java:126)
	at org.junit.platform.engine.support.hierarchical.NodeTestTask.execute(NodeTestTask.java:84)
	at java.base/java.util.ArrayList.forEach(ArrayList.java:1511)
	at org.junit.platform.engine.support.hierarchical.SameThreadHierarchicalTestExecutorService.invokeAll(SameThreadHierarchicalTestExecutorService.java:38)
	at org.junit.platform.engine.support.hierarchical.NodeTestTask.lambda$executeRecursively$5(NodeTestTask.java:143)
	at org.junit.platform.engine.support.hierarchical.ThrowableCollector.execute(ThrowableCollector.java:73)
	at org.junit.platform.engine.support.hierarchical.NodeTestTask.lambda$executeRecursively$7(NodeTestTask.java:129)
	at org.junit.platform.engine.support.hierarchical.Node.around(Node.java:137)
	at org.junit.platform.engine.support.hierarchical.NodeTestTask.lambda$executeRecursively$8(NodeTestTask.java:127)
	at org.junit.platform.engine.support.hierarchical.ThrowableCollector.execute(ThrowableCollector.java:73)
	at org.junit.platform.engine.support.hierarchical.NodeTestTask.executeRecursively(NodeTestTask.java:126)
	at org.junit.platform.engine.support.hierarchical.NodeTestTask.execute(NodeTestTask.java:84)
	at java.base/java.util.ArrayList.forEach(ArrayList.java:1511)
	at org.junit.platform.engine.support.hierarchical.SameThreadHierarchicalTestExecutorService.invokeAll(SameThreadHierarchicalTestExecutorService.java:38)
	at org.junit.platform.engine.support.hierarchical.NodeTestTask.lambda$executeRecursively$5(NodeTestTask.java:143)
	at org.junit.platform.engine.support.hierarchical.ThrowableCollector.execute(ThrowableCollector.java:73)
	at org.junit.platform.engine.support.hierarchical.NodeTestTask.lambda$executeRecursively$7(NodeTestTask.java:129)
	at org.junit.platform.engine.support.hierarchical.Node.around(Node.java:137)
	at org.junit.platform.engine.support.hierarchical.NodeTestTask.lambda$executeRecursively$8(NodeTestTask.java:127)
	at org.junit.platform.engine.support.hierarchical.ThrowableCollector.execute(ThrowableCollector.java:73)
	at org.junit.platform.engine.support.hierarchical.NodeTestTask.executeRecursively(NodeTestTask.java:126)
	at org.junit.platform.engine.support.hierarchical.NodeTestTask.execute(NodeTestTask.java:84)
	at org.junit.platform.engine.support.hierarchical.SameThreadHierarchicalTestExecutorService.submit(SameThreadHierarchicalTestExecutorService.java:32)
	at org.junit.platform.engine.support.hierarchical.HierarchicalTestExecutor.execute(HierarchicalTestExecutor.java:57)
	at org.junit.platform.engine.support.hierarchical.HierarchicalTestEngine.execute(HierarchicalTestEngine.java:51)
	at org.junit.platform.launcher.core.EngineExecutionOrchestrator.execute(EngineExecutionOrchestrator.java:108)
	at org.junit.platform.launcher.core.EngineExecutionOrchestrator.execute(EngineExecutionOrchestrator.java:88)
	at org.junit.platform.launcher.core.EngineExecutionOrchestrator.lambda$execute$0(EngineExecutionOrchestrator.java:54)
	at org.junit.platform.launcher.core.EngineExecutionOrchestrator.withInterceptedStreams(EngineExecutionOrchestrator.java:67)
	at org.junit.platform.launcher.core.EngineExecutionOrchestrator.execute(EngineExecutionOrchestrator.java:52)
	at org.junit.platform.launcher.core.DefaultLauncher.execute(DefaultLauncher.java:96)
	at org.junit.platform.launcher.core.DefaultLauncher.execute(DefaultLauncher.java:75)
	at org.apache.maven.surefire.junitplatform.LazyLauncher.execute(LazyLauncher.java:55)
	at org.apache.maven.surefire.junitplatform.JUnitPlatformProvider.execute(JUnitPlatformProvider.java:223)
	at org.apache.maven.surefire.junitplatform.JUnitPlatformProvider.invokeAllTests(JUnitPlatformProvider.java:175)
	at org.apache.maven.surefire.junitplatform.JUnitPlatformProvider.invoke(JUnitPlatformProvider.java:139)
	at org.apache.maven.surefire.booter.ForkedBooter.runSuitesInProcess(ForkedBooter.java:456)
	at org.apache.maven.surefire.booter.ForkedBooter.execute(ForkedBooter.java:169)
	at org.apache.maven.surefire.booter.ForkedBooter.run(ForkedBooter.java:595)
	at org.apache.maven.surefire.booter.ForkedBooter.main(ForkedBooter.java:581)
]]></failure>
    <system-out><![CDATA[10:48:56.992 [main] DEBUG com.intuit.karate - request:
1 > GET http://parabank.parasoft.com/parabank/services/bank/loan?amount=100&fromAccountId=13344&downPayment=500&customerId=12212
1 > Accept: application/json
1 > Host: parabank.parasoft.com
1 > Connection: Keep-Alive
1 > User-Agent: Apache-HttpClient/4.5.13 (Java/17.0.16)
1 > Accept-Encoding: gzip,deflate


10:48:57.455 [main] DEBUG com.intuit.karate - request:
2 > GET http://parabank.parasoft.com/parabank/services/bank/loan?amount=100&fromAccountId=13344&downPayment=500&customerId=12212
2 > Accept: application/json
2 > Host: parabank.parasoft.com
2 > Connection: Keep-Alive
2 > User-Agent: Apache-HttpClient/4.5.13 (Java/17.0.16)
2 > Accept-Encoding: gzip,deflate


10:48:58.062 [main] DEBUG com.intuit.karate - response time in milliseconds: 607
2 < 404
2 < Date: Tue, 28 Oct 2025 15:48:59 GMT
2 < Content-Length: 0
2 < Connection: keep-alive
2 < Server: cloudflare
2 < allow: POST,GET,OPTIONS,HEAD
2 < cf-cache-status: DYNAMIC
2 < X-Content-Type-Options: nosniff
2 < CF-RAY: 995b94a0c8691fe6-EZE


10:48:58.063 [main] ERROR com.intuit.karate - classpath:org/udea/parabank/loan.feature:31
Then status 400
status code was: 404, expected: 400, response time in milliseconds: 607, url: http://parabank.parasoft.com/parabank/services/bank/loan?amount=100&fromAccountId=13344&downPayment=500&customerId=12212, response: 

classpath:org/udea/parabank/loan.feature:31
---------------------------------------------------------
feature: classpath:org/udea/parabank/loan.feature
scenarios:  2 | passed:  0 | failed:  2 | time: 2,2189
---------------------------------------------------------

Karate version: 1.3.1
======================================================
elapsed:   2,38 | threads:    1 | thread time: 2,22 
features:     1 | skipped:    0 | efficiency: 0,93
scenarios:    2 | passed:     0 | failed: 2
======================================================
>>> failed features:
status code was: 404, expected: 200, response time in milliseconds: 606, url: http://parabank.parasoft.com/parabank/services/bank/loan?amount=5153&fromAccountId=13344&downPayment=176&customerId=12212, response: 

classpath:org/udea/parabank/loan.feature:20
status code was: 404, expected: 400, response time in milliseconds: 607, url: http://parabank.parasoft.com/parabank/services/bank/loan?amount=100&fromAccountId=13344&downPayment=500&customerId=12212, response: 

classpath:org/udea/parabank/loan.feature:31
<<<

HTML report: (paste into browser to view) | Karate version: 1.3.1
file:///C:/Users/famil/Documents/Udea/Codigos,%20archivos,etc/Pruebas%20de%20software/UDEA_KaratePS/target/karate-reports/karate-summary.html
===================================================================

]]></system-out>
  </testcase>
  <testcase name="[1:8] Customer Login" classname="org/udea/parabank/login" time="1.089">
    <system-out><![CDATA[10:48:58.246 [main] DEBUG com.intuit.karate.Suite - [config] classpath:karate-config.js
10:48:58.255 [main] DEBUG com.intuit.karate - request:
1 > GET http://parabank.parasoft.com/parabank/services/bank/login/john/demo
1 > Accept: application/json
1 > Host: parabank.parasoft.com
1 > Connection: Keep-Alive
1 > User-Agent: Apache-HttpClient/4.5.13 (Java/17.0.16)
1 > Accept-Encoding: gzip,deflate


10:48:58.724 [main] DEBUG com.intuit.karate - request:
2 > GET http://parabank.parasoft.com/parabank/services/bank/login/john/demo
2 > Accept: application/json
2 > Host: parabank.parasoft.com
2 > Connection: Keep-Alive
2 > User-Agent: Apache-HttpClient/4.5.13 (Java/17.0.16)
2 > Accept-Encoding: gzip,deflate


10:48:59.337 [main] DEBUG com.intuit.karate - response time in milliseconds: 613
2 < 200
2 < Date: Tue, 28 Oct 2025 15:49:01 GMT
2 < Content-Type: application/json
2 < Transfer-Encoding: chunked
2 < Connection: keep-alive
2 < Server: cloudflare
2 < cf-cache-status: DYNAMIC
2 < X-Content-Type-Options: nosniff
2 < CF-RAY: 995b94a8bf66f1ca-EZE
{"id":12212,"firstName":"John","lastName":"Smith","address":{"street":"1431 Main St","city":"Beverly Hills","state":"CA","zipCode":"90210"},"phoneNumber":"310-447-4121","ssn":"622-11-9999"}

]]></system-out>
  </testcase>
  <testcase name="[2:31] Login fails with wrong credentials" classname="org/udea/parabank/login" time="1.249">
    <system-out><![CDATA[10:48:59.344 [main] DEBUG com.intuit.karate - request:
1 > GET http://parabank.parasoft.com/parabank/services/bank/login/john/wrongpass
1 > Accept: application/json
1 > Host: parabank.parasoft.com
1 > Connection: Keep-Alive
1 > User-Agent: Apache-HttpClient/4.5.13 (Java/17.0.16)
1 > Accept-Encoding: gzip,deflate


10:48:59.844 [main] DEBUG com.intuit.karate - request:
2 > GET http://parabank.parasoft.com/parabank/services/bank/login/john/wrongpass
2 > Accept: application/json
2 > Host: parabank.parasoft.com
2 > Connection: Keep-Alive
2 > User-Agent: Apache-HttpClient/4.5.13 (Java/17.0.16)
2 > Accept-Encoding: gzip,deflate


10:49:00.452 [main] DEBUG com.intuit.karate - response time in milliseconds: 608
2 < 400
2 < Date: Tue, 28 Oct 2025 15:49:02 GMT
2 < Content-Type: text/plain;charset=UTF-8
2 < Content-Length: 32
2 < Connection: keep-alive
2 < Server: cloudflare
2 < cf-cache-status: DYNAMIC
2 < X-Content-Type-Options: nosniff
2 < CF-RAY: 995b94afb8251e8e-EZE
Invalid username and/or password

---------------------------------------------------------
feature: classpath:org/udea/parabank/login.feature
scenarios:  2 | passed:  2 | failed:  0 | time: 2,1945
---------------------------------------------------------

Karate version: 1.3.1
======================================================
elapsed:   2,27 | threads:    1 | thread time: 2,19 
features:     1 | skipped:    0 | efficiency: 0,97
scenarios:    2 | passed:     2 | failed: 0
======================================================

HTML report: (paste into browser to view) | Karate version: 1.3.1
file:///C:/Users/famil/Documents/Udea/Codigos,%20archivos,etc/Pruebas%20de%20software/UDEA_KaratePS/target/karate-reports/karate-summary.html
===================================================================

]]></system-out>
  </testcase>
</testsuite>