<?xml version="1.0" encoding="UTF-8"?>
<testsuite xmlns:xsi="http://www.w3.org/2001/XMLSchema-instance" xsi:noNamespaceSchemaLocation="https://maven.apache.org/surefire/maven-surefire-plugin/xsd/surefire-test-report-3.0.xsd" version="3.0" name="org.udea.parabank.TestRunner" time="4.887" tests="2" errors="0" skipped="0" failures="0">
  <properties>
[...]
</properties>
  <testcase name="[1:8] Customer Login" classname="org/udea/parabank/login" time="2.755">
    <system-out><![CDATA[07:29:59.158 [main] DEBUG com.intuit.karate.Suite - [config] classpath:karate-config.js
07:30:00.805 [main] DEBUG com.intuit.karate - request:
1 > GET http://parabank.parasoft.com/parabank/services/bank/login/john/demo
1 > Accept: application/json
1 > Host: parabank.parasoft.com
1 > Connection: Keep-Alive
1 > User-Agent: Apache-HttpClient/4.5.13 (Java/17.0.16)
1 > Accept-Encoding: gzip,deflate


07:30:01.222 [main] DEBUG com.intuit.karate - request:
2 > GET http://parabank.parasoft.com/parabank/services/bank/login/john/demo
2 > Accept: application/json
2 > Host: parabank.parasoft.com
2 > Connection: Keep-Alive
2 > User-Agent: Apache-HttpClient/4.5.13 (Java/17.0.16)
2 > Accept-Encoding: gzip,deflate


07:30:01.872 [main] DEBUG com.intuit.karate - response time in milliseconds: 647
2 < 200
2 < Date: Tue, 28 Oct 2025 12:30:03 GMT
2 < Content-Type: application/json
2 < Transfer-Encoding: chunked
2 < Connection: keep-alive
2 < Server: cloudflare
2 < cf-cache-status: DYNAMIC
2 < X-Content-Type-Options: nosniff
2 < CF-RAY: 995a71385d2dd7f5-BOG
{"id":12212,"firstName":"John","lastName":"Smith","address":{"street":"1431 Main St","city":"Beverly Hills","state":"CA","zipCode":"90210"},"phoneNumber":"310-447-4121","ssn":"622-11-9999"}

]]></system-out>
  </testcase>
  <testcase name="[2:31] Login fails with wrong credentials" classname="org/udea/parabank/login" time="1.249">
    <system-out><![CDATA[07:30:01.967 [main] DEBUG com.intuit.karate - request:
1 > GET http://parabank.parasoft.com/parabank/services/bank/login/john/wrongpass
1 > Accept: application/json
1 > Host: parabank.parasoft.com
1 > Connection: Keep-Alive
1 > User-Agent: Apache-HttpClient/4.5.13 (Java/17.0.16)
1 > Accept-Encoding: gzip,deflate


07:30:02.128 [main] DEBUG com.intuit.karate - request:
2 > GET http://parabank.parasoft.com/parabank/services/bank/login/john/wrongpass
2 > Accept: application/json
2 > Host: parabank.parasoft.com
2 > Connection: Keep-Alive
2 > User-Agent: Apache-HttpClient/4.5.13 (Java/17.0.16)
2 > Accept-Encoding: gzip,deflate


07:30:02.320 [main] DEBUG com.intuit.karate - response time in milliseconds: 192
2 < 400
2 < Date: Tue, 28 Oct 2025 12:30:04 GMT
2 < Content-Type: text/plain;charset=UTF-8
2 < Content-Length: 32
2 < Connection: keep-alive
2 < Server: cloudflare
2 < cf-cache-status: DYNAMIC
2 < X-Content-Type-Options: nosniff
2 < CF-RAY: 995a713cbc7f9868-BOG
Invalid username and/or password

---------------------------------------------------------
feature: classpath:org/udea/parabank/login.feature
scenarios:  2 | passed:  2 | failed:  0 | time: 1,9146
---------------------------------------------------------

Karate version: 1.3.1
======================================================
elapsed:   4,07 | threads:    1 | thread time: 1,92 
features:     1 | skipped:    0 | efficiency: 0,47
scenarios:    2 | passed:     2 | failed: 0
======================================================

HTML report: (paste into browser to view) | Karate version: 1.3.1
file:///C:/Users/famil/Documents/Udea/Codigos,%20archivos,etc/Pruebas%20de%20software/UDEA_KaratePS/target/karate-reports/karate-summary.html
===================================================================

]]></system-out>
  </testcase>
</testsuite>